{"op_code":0,"worker_id":"12798370-a6a4-46fe-93ec-06944ec1b53b-140130416309760","study_name":"ga_configuration_optimization","directions":[2]}
{"op_code":4,"worker_id":"12798370-a6a4-46fe-93ec-06944ec1b53b-140130416309760","study_id":0,"datetime_start":"2026-06-10T18:38:20.097871"}
{"op_code":5,"worker_id":"12798370-a6a4-46fe-93ec-06944ec1b53b-140130416309760","trial_id":0,"param_name":"target_sparsity","param_value_internal":0.4185430534813131,"distribution":"{\"name\": \"FloatDistribution\", \"attributes\": {\"step\": null, \"low\": 0.25, \"high\": 0.7, \"log\": false}}"}
{"op_code":5,"worker_id":"12798370-a6a4-46fe-93ec-06944ec1b53b-140130416309760","trial_id":0,"param_name":"sparsity_radius","param_value_internal":0.19260714596148742,"distribution":"{\"name\": \"FloatDistribution\", \"attributes\": {\"step\": null, \"low\": 0.05, \"high\": 0.2, \"log\": false}}"}
{"op_code":5,"worker_id":"12798370-a6a4-46fe-93ec-06944ec1b53b-140130416309760","trial_id":0,"param_name":"tournament_size","param_value_internal":4.0,"distribution":"{\"name\": \"IntDistribution\", \"attributes\": {\"log\": false, \"step\": 1, \"low\": 2, \"high\": 5}}"}
{"op_code":5,"worker_id":"12798370-a6a4-46fe-93ec-06944ec1b53b-140130416309760","trial_id":0,"param_name":"num_elites","param_value_internal":3.0,"distribution":"{\"name\": \"IntDistribution\", \"attributes\": {\"log\": false, \"step\": 1, \"low\": 2, \"high\": 4}}"}
{"op_code":7,"worker_id":"12798370-a6a4-46fe-93ec-06944ec1b53b-140130416309760","trial_id":0,"step":40,"intermediate_value":0.24370071291923523}
{"op_code":7,"worker_id":"12798370-a6a4-46fe-93ec-06944ec1b53b-140130416309760","trial_id":0,"step":80,"intermediate_value":0.24482429027557373}
{"op_code":6,"worker_id":"12798370-a6a4-46fe-93ec-06944ec1b53b-140130416309760","trial_id":0,"state":1,"values":[0.23982429027557373],"datetime_complete":"2026-06-10T18:41:18.664091"}
{"op_code":4,"worker_id":"12798370-a6a4-46fe-93ec-06944ec1b53b-140130416309760","study_id":0,"datetime_start":"2026-06-10T18:41:18.724402"}
{"op_code":5,"worker_id":"12798370-a6a4-46fe-93ec-06944ec1b53b-140130416309760","trial_id":1,"param_name":"target_sparsity","param_value_internal":0.3202083881990964,"distribution":"{\"name\": \"FloatDistribution\", \"attributes\": {\"step\": null, \"low\": 0.25, \"high\": 0.7, \"log\": false}}"}
{"op_code":5,"worker_id":"12798370-a6a4-46fe-93ec-06944ec1b53b-140130416309760","trial_id":1,"param_name":"sparsity_radius","param_value_internal":0.0733991780504304,"distribution":"{\"name\": \"FloatDistribution\", \"attributes\": {\"step\": null, \"low\": 0.05, \"high\": 0.2, \"log\": false}}"}
{"op_code":5,"worker_id":"12798370-a6a4-46fe-93ec-06944ec1b53b-140130416309760","trial_id":1,"param_name":"tournament_size","param_value_internal":2.0,"distribution":"{\"name\": \"IntDistribution\", \"attributes\": {\"log\": false, \"step\": 1, \"low\": 2, \"high\": 5}}"}
{"op_code":5,"worker_id":"12798370-a6a4-46fe-93ec-06944ec1b53b-140130416309760","trial_id":1,"param_name":"num_elites","param_value_internal":4.0,"distribution":"{\"name\": \"IntDistribution\", \"attributes\": {\"log\": false, \"step\": 1, \"low\": 2, \"high\": 4}}"}
{"op_code":7,"worker_id":"12798370-a6a4-46fe-93ec-06944ec1b53b-140130416309760","trial_id":1,"step":40,"intermediate_value":0.23167327046394348}
{"op_code":7,"worker_id":"12798370-a6a4-46fe-93ec-06944ec1b53b-140130416309760","trial_id":1,"step":80,"intermediate_value":0.3078412115573883}
{"op_code":6,"worker_id":"12798370-a6a4-46fe-93ec-06944ec1b53b-140130416309760","trial_id":1,"state":1,"values":[0.3028121840953827],"datetime_complete":"2026-06-10T18:43:54.355741"}
{"op_code":4,"worker_id":"12798370-a6a4-46fe-93ec-06944ec1b53b-140130416309760","study_id":0,"datetime_start":"2026-06-10T18:43:54.504244"}
{"op_code":5,"worker_id":"12798370-a6a4-46fe-93ec-06944ec1b53b-140130416309760","trial_id":2,"param_name":"target_sparsity","param_value_internal":0.520501755284444,"distribution":"{\"name\": \"FloatDistribution\", \"attributes\": {\"step\": null, \"low\": 0.25, \"high\": 0.7, \"log\": false}}"}
{"op_code":5,"worker_id":"12798370-a6a4-46fe-93ec-06944ec1b53b-140130416309760","trial_id":2,"param_name":"sparsity_radius","param_value_internal":0.15621088666940686,"distribution":"{\"name\": \"FloatDistribution\", \"attributes\": {\"step\": null, \"low\": 0.05, \"high\": 0.2, \"log\": false}}"}
{"op_code":5,"worker_id":"12798370-a6a4-46fe-93ec-06944ec1b53b-140130416309760","trial_id":2,"param_name":"tournament_size","param_value_internal":2.0,"distribution":"{\"name\": \"IntDistribution\", \"attributes\": {\"log\": false, \"step\": 1, \"low\": 2, \"high\": 5}}"}
{"op_code":5,"worker_id":"12798370-a6a4-46fe-93ec-06944ec1b53b-140130416309760","trial_id":2,"param_name":"num_elites","param_value_internal":4.0,"distribution":"{\"name\": \"IntDistribution\", \"attributes\": {\"log\": false, \"step\": 1, \"low\": 2, \"high\": 4}}"}
{"op_code":7,"worker_id":"12798370-a6a4-46fe-93ec-06944ec1b53b-140130416309760","trial_id":2,"step":40,"intermediate_value":0.24084922671318054}
{"op_code":7,"worker_id":"12798370-a6a4-46fe-93ec-06944ec1b53b-140130416309760","trial_id":2,"step":80,"intermediate_value":0.24210119247436523}
{"op_code":6,"worker_id":"12798370-a6a4-46fe-93ec-06944ec1b53b-140130416309760","trial_id":2,"state":1,"values":[0.23684942245483398],"datetime_complete":"2026-06-10T18:46:41.126352"}
{"op_code":4,"worker_id":"12798370-a6a4-46fe-93ec-06944ec1b53b-140130416309760","study_id":0,"datetime_start":"2026-06-10T18:46:41.236485"}
{"op_code":5,"worker_id":"12798370-a6a4-46fe-93ec-06944ec1b53b-140130416309760","trial_id":3,"param_name":"target_sparsity","param_value_internal":0.6245991883601898,"distribution":"{\"name\": \"FloatDistribution\", \"attributes\": {\"step\": null, \"low\": 0.25, \"high\": 0.7, \"log\": false}}"}
{"op_code":5,"worker_id":"12798370-a6a4-46fe-93ec-06944ec1b53b-140130416309760","trial_id":3,"param_name":"sparsity_radius","param_value_internal":0.08185086660174143,"distribution":"{\"name\": \"FloatDistribution\", \"attributes\": {\"step\": null, \"low\": 0.05, \"high\": 0.2, \"log\": false}}"}
{"op_code":5,"worker_id":"12798370-a6a4-46fe-93ec-06944ec1b53b-140130416309760","trial_id":3,"param_name":"tournament_size","param_value_internal":2.0,"distribution":"{\"name\": \"IntDistribution\", \"attributes\": {\"log\": false, \"step\": 1, \"low\": 2, \"high\": 5}}"}
{"op_code":5,"worker_id":"12798370-a6a4-46fe-93ec-06944ec1b53b-140130416309760","trial_id":3,"param_name":"num_elites","param_value_internal":2.0,"distribution":"{\"name\": \"IntDistribution\", \"attributes\": {\"log\": false, \"step\": 1, \"low\": 2, \"high\": 4}}"}
{"op_code":7,"worker_id":"12798370-a6a4-46fe-93ec-06944ec1b53b-140130416309760","trial_id":3,"step":40,"intermediate_value":0.24383112788200378}
{"op_code":7,"worker_id":"12798370-a6a4-46fe-93ec-06944ec1b53b-140130416309760","trial_id":3,"step":80,"intermediate_value":0.24388188123703003}
{"op_code":6,"worker_id":"12798370-a6a4-46fe-93ec-06944ec1b53b-140130416309760","trial_id":3,"state":1,"values":[0.23891627311706543],"datetime_complete":"2026-06-10T18:49:12.674464"}
{"op_code":4,"worker_id":"12798370-a6a4-46fe-93ec-06944ec1b53b-140130416309760","study_id":0,"datetime_start":"2026-06-10T18:49:12.743109"}
{"op_code":5,"worker_id":"12798370-a6a4-46fe-93ec-06944ec1b53b-140130416309760","trial_id":4,"param_name":"target_sparsity","param_value_internal":0.38690900933179195,"distribution":"{\"name\": \"FloatDistribution\", \"attributes\": {\"step\": null, \"low\": 0.25, \"high\": 0.7, \"log\": false}}"}
{"op_code":5,"worker_id":"12798370-a6a4-46fe-93ec-06944ec1b53b-140130416309760","trial_id":4,"param_name":"sparsity_radius","param_value_internal":0.1287134647448357,"distribution":"{\"name\": \"FloatDistribution\", \"attributes\": {\"step\": null, \"low\": 0.05, \"high\": 0.2, \"log\": false}}"}
{"op_code":5,"worker_id":"12798370-a6a4-46fe-93ec-06944ec1b53b-140130416309760","trial_id":4,"param_name":"tournament_size","param_value_internal":3.0,"distribution":"{\"name\": \"IntDistribution\", \"attributes\": {\"log\": false, \"step\": 1, \"low\": 2, \"high\": 5}}"}
{"op_code":5,"worker_id":"12798370-a6a4-46fe-93ec-06944ec1b53b-140130416309760","trial_id":4,"param_name":"num_elites","param_value_internal":2.0,"distribution":"{\"name\": \"IntDistribution\", \"attributes\": {\"log\": false, \"step\": 1, \"low\": 2, \"high\": 4}}"}
{"op_code":7,"worker_id":"12798370-a6a4-46fe-93ec-06944ec1b53b-140130416309760","trial_id":4,"step":40,"intermediate_value":0.23594152927398682}
{"op_code":7,"worker_id":"12798370-a6a4-46fe-93ec-06944ec1b53b-140130416309760","trial_id":4,"step":80,"intermediate_value":0.2364448606967926}
{"op_code":6,"worker_id":"12798370-a6a4-46fe-93ec-06944ec1b53b-140130416309760","trial_id":4,"state":1,"values":[0.2314448606967926],"datetime_complete":"2026-06-10T18:51:35.895525"}
{"op_code":4,"worker_id":"12798370-a6a4-46fe-93ec-06944ec1b53b-140130416309760","study_id":0,"datetime_start":"2026-06-10T18:51:36.010453"}
{"op_code":5,"worker_id":"12798370-a6a4-46fe-93ec-06944ec1b53b-140130416309760","trial_id":5,"param_name":"target_sparsity","param_value_internal":0.5253338026250707,"distribution":"{\"name\": \"FloatDistribution\", \"attributes\": {\"step\": null, \"low\": 0.25, \"high\": 0.7, \"log\": false}}"}
{"op_code":5,"worker_id":"12798370-a6a4-46fe-93ec-06944ec1b53b-140130416309760","trial_id":5,"param_name":"sparsity_radius","param_value_internal":0.07092407909780628,"distribution":"{\"name\": \"FloatDistribution\", \"attributes\": {\"step\": null, \"low\": 0.05, \"high\": 0.2, \"log\": false}}"}
{"op_code":5,"worker_id":"12798370-a6a4-46fe-93ec-06944ec1b53b-140130416309760","trial_id":5,"param_name":"tournament_size","param_value_internal":3.0,"distribution":"{\"name\": \"IntDistribution\", \"attributes\": {\"log\": false, \"step\": 1, \"low\": 2, \"high\": 5}}"}
{"op_code":5,"worker_id":"12798370-a6a4-46fe-93ec-06944ec1b53b-140130416309760","trial_id":5,"param_name":"num_elites","param_value_internal":3.0,"distribution":"{\"name\": \"IntDistribution\", \"attributes\": {\"log\": false, \"step\": 1, \"low\": 2, \"high\": 4}}"}
{"op_code":7,"worker_id":"12798370-a6a4-46fe-93ec-06944ec1b53b-140130416309760","trial_id":5,"step":40,"intermediate_value":0.23830723762512207}
{"op_code":7,"worker_id":"12798370-a6a4-46fe-93ec-06944ec1b53b-140130416309760","trial_id":5,"step":80,"intermediate_value":0.23976647853851318}
{"op_code":6,"worker_id":"12798370-a6a4-46fe-93ec-06944ec1b53b-140130416309760","trial_id":5,"state":2,"values":[0.23976647853851318],"datetime_complete":"2026-06-10T18:53:37.335910"}
{"op_code":4,"worker_id":"12798370-a6a4-46fe-93ec-06944ec1b53b-140130416309760","study_id":0,"datetime_start":"2026-06-10T18:53:37.360358"}
{"op_code":5,"worker_id":"12798370-a6a4-46fe-93ec-06944ec1b53b-140130416309760","trial_id":6,"param_name":"target_sparsity","param_value_internal":0.4552314928976662,"distribution":"{\"name\": \"FloatDistribution\", \"attributes\": {\"step\": null, \"low\": 0.25, \"high\": 0.7, \"log\": false}}"}
{"op_code":5,"worker_id":"12798370-a6a4-46fe-93ec-06944ec1b53b-140130416309760","trial_id":6,"param_name":"sparsity_radius","param_value_internal":0.16777639420895207,"distribution":"{\"name\": \"FloatDistribution\", \"attributes\": {\"step\": null, \"low\": 0.05, \"high\": 0.2, \"log\": false}}"}
{"op_code":5,"worker_id":"12798370-a6a4-46fe-93ec-06944ec1b53b-140130416309760","trial_id":6,"param_name":"tournament_size","param_value_internal":2.0,"distribution":"{\"name\": \"IntDistribution\", \"attributes\": {\"log\": false, \"step\": 1, \"low\": 2, \"high\": 5}}"}
{"op_code":5,"worker_id":"12798370-a6a4-46fe-93ec-06944ec1b53b-140130416309760","trial_id":6,"param_name":"num_elites","param_value_internal":3.0,"distribution":"{\"name\": \"IntDistribution\", \"attributes\": {\"log\": false, \"step\": 1, \"low\": 2, \"high\": 4}}"}
{"op_code":7,"worker_id":"12798370-a6a4-46fe-93ec-06944ec1b53b-140130416309760","trial_id":6,"step":40,"intermediate_value":0.2958258390426636}
{"op_code":7,"worker_id":"12798370-a6a4-46fe-93ec-06944ec1b53b-140130416309760","trial_id":6,"step":80,"intermediate_value":0.2958258390426636}
{"op_code":6,"worker_id":"12798370-a6a4-46fe-93ec-06944ec1b53b-140130416309760","trial_id":6,"state":1,"values":[0.23764147877693176],"datetime_complete":"2026-06-10T18:56:07.033794"}
{"op_code":4,"worker_id":"12798370-a6a4-46fe-93ec-06944ec1b53b-140130416309760","study_id":0,"datetime_start":"2026-06-10T18:56:07.100543"}
{"op_code":5,"worker_id":"12798370-a6a4-46fe-93ec-06944ec1b53b-140130416309760","trial_id":7,"param_name":"target_sparsity","param_value_internal":0.516586555987919,"distribution":"{\"name\": \"FloatDistribution\", \"attributes\": {\"step\": null, \"low\": 0.25, \"high\": 0.7, \"log\": false}}"}
{"op_code":5,"worker_id":"12798370-a6a4-46fe-93ec-06944ec1b53b-140130416309760","trial_id":7,"param_name":"sparsity_radius","param_value_internal":0.05696756190799966,"distribution":"{\"name\": \"FloatDistribution\", \"attributes\": {\"step\": null, \"low\": 0.05, \"high\": 0.2, \"log\": false}}"}
{"op_code":5,"worker_id":"12798370-a6a4-46fe-93ec-06944ec1b53b-140130416309760","trial_id":7,"param_name":"tournament_size","param_value_internal":4.0,"distribution":"{\"name\": \"IntDistribution\", \"attributes\": {\"log\": false, \"step\": 1, \"low\": 2, \"high\": 5}}"}
{"op_code":5,"worker_id":"12798370-a6a4-46fe-93ec-06944ec1b53b-140130416309760","trial_id":7,"param_name":"num_elites","param_value_internal":2.0,"distribution":"{\"name\": \"IntDistribution\", \"attributes\": {\"log\": false, \"step\": 1, \"low\": 2, \"high\": 4}}"}
{"op_code":7,"worker_id":"12798370-a6a4-46fe-93ec-06944ec1b53b-140130416309760","trial_id":7,"step":40,"intermediate_value":0.2373320758342743}
{"op_code":7,"worker_id":"12798370-a6a4-46fe-93ec-06944ec1b53b-140130416309760","trial_id":7,"step":80,"intermediate_value":0.23769137263298035}
{"op_code":6,"worker_id":"12798370-a6a4-46fe-93ec-06944ec1b53b-140130416309760","trial_id":7,"state":2,"values":[0.23769137263298035],"datetime_complete":"2026-06-10T18:58:07.467352"}
{"op_code":4,"worker_id":"12798370-a6a4-46fe-93ec-06944ec1b53b-140130416309760","study_id":0,"datetime_start":"2026-06-10T18:58:07.490406"}
{"op_code":5,"worker_id":"12798370-a6a4-46fe-93ec-06944ec1b53b-140130416309760","trial_id":8,"param_name":"target_sparsity","param_value_internal":0.2792732168433758,"distribution":"{\"name\": \"FloatDistribution\", \"attributes\": {\"step\": null, \"low\": 0.25, \"high\": 0.7, \"log\": false}}"}
{"op_code":5,"worker_id":"12798370-a6a4-46fe-93ec-06944ec1b53b-140130416309760","trial_id":8,"param_name":"sparsity_radius","param_value_internal":0.192332830588,"distribution":"{\"name\": \"FloatDistribution\", \"attributes\": {\"step\": null, \"low\": 0.05, \"high\": 0.2, \"log\": false}}"}
{"op_code":5,"worker_id":"12798370-a6a4-46fe-93ec-06944ec1b53b-140130416309760","trial_id":8,"param_name":"tournament_size","param_value_internal":5.0,"distribution":"{\"name\": \"IntDistribution\", \"attributes\": {\"log\": false, \"step\": 1, \"low\": 2, \"high\": 5}}"}
{"op_code":5,"worker_id":"12798370-a6a4-46fe-93ec-06944ec1b53b-140130416309760","trial_id":8,"param_name":"num_elites","param_value_internal":4.0,"distribution":"{\"name\": \"IntDistribution\", \"attributes\": {\"log\": false, \"step\": 1, \"low\": 2, \"high\": 4}}"}
{"op_code":7,"worker_id":"12798370-a6a4-46fe-93ec-06944ec1b53b-140130416309760","trial_id":8,"step":40,"intermediate_value":0.23491805791854858}
{"op_code":6,"worker_id":"12798370-a6a4-46fe-93ec-06944ec1b53b-140130416309760","trial_id":8,"state":2,"values":[0.23491805791854858],"datetime_complete":"2026-06-10T18:59:13.544266"}
{"op_code":4,"worker_id":"12798370-a6a4-46fe-93ec-06944ec1b53b-140130416309760","study_id":0,"datetime_start":"2026-06-10T18:59:13.571428"}
{"op_code":5,"worker_id":"12798370-a6a4-46fe-93ec-06944ec1b53b-140130416309760","trial_id":9,"param_name":"target_sparsity","param_value_internal":0.3870761961280168,"distribution":"{\"name\": \"FloatDistribution\", \"attributes\": {\"step\": null, \"low\": 0.25, \"high\": 0.7, \"log\": false}}"}
{"op_code":5,"worker_id":"12798370-a6a4-46fe-93ec-06944ec1b53b-140130416309760","trial_id":9,"param_name":"sparsity_radius","param_value_internal":0.06465081710095759,"distribution":"{\"name\": \"FloatDistribution\", \"attributes\": {\"step\": null, \"low\": 0.05, \"high\": 0.2, \"log\": false}}"}
{"op_code":5,"worker_id":"12798370-a6a4-46fe-93ec-06944ec1b53b-140130416309760","trial_id":9,"param_name":"tournament_size","param_value_internal":4.0,"distribution":"{\"name\": \"IntDistribution\", \"attributes\": {\"log\": false, \"step\": 1, \"low\": 2, \"high\": 5}}"}
{"op_code":5,"worker_id":"12798370-a6a4-46fe-93ec-06944ec1b53b-140130416309760","trial_id":9,"param_name":"num_elites","param_value_internal":3.0,"distribution":"{\"name\": \"IntDistribution\", \"attributes\": {\"log\": false, \"step\": 1, \"low\": 2, \"high\": 4}}"}
{"op_code":7,"worker_id":"12798370-a6a4-46fe-93ec-06944ec1b53b-140130416309760","trial_id":9,"step":40,"intermediate_value":0.23550665378570557}
{"op_code":6,"worker_id":"12798370-a6a4-46fe-93ec-06944ec1b53b-140130416309760","trial_id":9,"state":2,"values":[0.23550665378570557],"datetime_complete":"2026-06-10T19:00:15.778290"}
{"op_code":4,"worker_id":"12798370-a6a4-46fe-93ec-06944ec1b53b-140130416309760","study_id":0,"datetime_start":"2026-06-10T19:00:15.829236"}
{"op_code":5,"worker_id":"12798370-a6a4-46fe-93ec-06944ec1b53b-140130416309760","trial_id":10,"param_name":"target_sparsity","param_value_internal":0.2597427529194693,"distribution":"{\"name\": \"FloatDistribution\", \"attributes\": {\"step\": null, \"low\": 0.25, \"high\": 0.7, \"log\": false}}"}
{"op_code":5,"worker_id":"12798370-a6a4-46fe-93ec-06944ec1b53b-140130416309760","trial_id":10,"param_name":"sparsity_radius","param_value_internal":0.10455915104324466,"distribution":"{\"name\": \"FloatDistribution\", \"attributes\": {\"step\": null, \"low\": 0.05, \"high\": 0.2, \"log\": false}}"}
{"op_code":5,"worker_id":"12798370-a6a4-46fe-93ec-06944ec1b53b-140130416309760","trial_id":10,"param_name":"tournament_size","param_value_internal":3.0,"distribution":"{\"name\": \"IntDistribution\", \"attributes\": {\"log\": false, \"step\": 1, \"low\": 2, \"high\": 5}}"}
{"op_code":5,"worker_id":"12798370-a6a4-46fe-93ec-06944ec1b53b-140130416309760","trial_id":10,"param_name":"num_elites","param_value_internal":4.0,"distribution":"{\"name\": \"IntDistribution\", \"attributes\": {\"log\": false, \"step\": 1, \"low\": 2, \"high\": 4}}"}
{"op_code":7,"worker_id":"12798370-a6a4-46fe-93ec-06944ec1b53b-140130416309760","trial_id":10,"step":40,"intermediate_value":0.31405967473983765}
{"op_code":7,"worker_id":"12798370-a6a4-46fe-93ec-06944ec1b53b-140130416309760","trial_id":10,"step":80,"intermediate_value":0.3305757939815521}
{"op_code":6,"worker_id":"12798370-a6a4-46fe-93ec-06944ec1b53b-140130416309760","trial_id":10,"state":1,"values":[0.32524773001670837],"datetime_complete":"2026-06-10T19:03:19.624609"}
{"op_code":4,"worker_id":"12798370-a6a4-46fe-93ec-06944ec1b53b-140130416309760","study_id":0,"datetime_start":"2026-06-10T19:03:19.694777"}
{"op_code":5,"worker_id":"12798370-a6a4-46fe-93ec-06944ec1b53b-140130416309760","trial_id":11,"param_name":"target_sparsity","param_value_internal":0.25691548179764695,"distribution":"{\"name\": \"FloatDistribution\", \"attributes\": {\"step\": null, \"low\": 0.25, \"high\": 0.7, \"log\": false}}"}
{"op_code":5,"worker_id":"12798370-a6a4-46fe-93ec-06944ec1b53b-140130416309760","trial_id":11,"param_name":"sparsity_radius","param_value_internal":0.10158013161695223,"distribution":"{\"name\": \"FloatDistribution\", \"attributes\": {\"step\": null, \"low\": 0.05, \"high\": 0.2, \"log\": false}}"}
{"op_code":5,"worker_id":"12798370-a6a4-46fe-93ec-06944ec1b53b-140130416309760","trial_id":11,"param_name":"tournament_size","param_value_internal":3.0,"distribution":"{\"name\": \"IntDistribution\", \"attributes\": {\"log\": false, \"step\": 1, \"low\": 2, \"high\": 5}}"}
{"op_code":5,"worker_id":"12798370-a6a4-46fe-93ec-06944ec1b53b-140130416309760","trial_id":11,"param_name":"num_elites","param_value_internal":4.0,"distribution":"{\"name\": \"IntDistribution\", \"attributes\": {\"log\": false, \"step\": 1, \"low\": 2, \"high\": 4}}"}
{"op_code":7,"worker_id":"12798370-a6a4-46fe-93ec-06944ec1b53b-140130416309760","trial_id":11,"step":40,"intermediate_value":0.22934484481811523}
{"op_code":6,"worker_id":"12798370-a6a4-46fe-93ec-06944ec1b53b-140130416309760","trial_id":11,"state":2,"values":[0.22934484481811523],"datetime_complete":"2026-06-10T19:04:21.550205"}
{"op_code":4,"worker_id":"12798370-a6a4-46fe-93ec-06944ec1b53b-140130416309760","study_id":0,"datetime_start":"2026-06-10T19:04:21.598861"}
{"op_code":5,"worker_id":"12798370-a6a4-46fe-93ec-06944ec1b53b-140130416309760","trial_id":12,"param_name":"target_sparsity","param_value_internal":0.32041734985207054,"distribution":"{\"name\": \"FloatDistribution\", \"attributes\": {\"step\": null, \"low\": 0.25, \"high\": 0.7, \"log\": false}}"}
{"op_code":5,"worker_id":"12798370-a6a4-46fe-93ec-06944ec1b53b-140130416309760","trial_id":12,"param_name":"sparsity_radius","param_value_internal":0.10694063651303354,"distribution":"{\"name\": \"FloatDistribution\", \"attributes\": {\"step\": null, \"low\": 0.05, \"high\": 0.2, \"log\": false}}"}
{"op_code":5,"worker_id":"12798370-a6a4-46fe-93ec-06944ec1b53b-140130416309760","trial_id":12,"param_name":"tournament_size","param_value_internal":2.0,"distribution":"{\"name\": \"IntDistribution\", \"attributes\": {\"log\": false, \"step\": 1, \"low\": 2, \"high\": 5}}"}
{"op_code":5,"worker_id":"12798370-a6a4-46fe-93ec-06944ec1b53b-140130416309760","trial_id":12,"param_name":"num_elites","param_value_internal":4.0,"distribution":"{\"name\": \"IntDistribution\", \"attributes\": {\"log\": false, \"step\": 1, \"low\": 2, \"high\": 4}}"}
{"op_code":7,"worker_id":"12798370-a6a4-46fe-93ec-06944ec1b53b-140130416309760","trial_id":12,"step":40,"intermediate_value":0.230438232421875}
{"op_code":6,"worker_id":"12798370-a6a4-46fe-93ec-06944ec1b53b-140130416309760","trial_id":12,"state":2,"values":[0.230438232421875],"datetime_complete":"2026-06-10T19:05:26.672141"}
{"op_code":4,"worker_id":"12798370-a6a4-46fe-93ec-06944ec1b53b-140130416309760","study_id":0,"datetime_start":"2026-06-10T19:05:26.722721"}
{"op_code":5,"worker_id":"12798370-a6a4-46fe-93ec-06944ec1b53b-140130416309760","trial_id":13,"param_name":"target_sparsity","param_value_internal":0.33023913039038694,"distribution":"{\"name\": \"FloatDistribution\", \"attributes\": {\"step\": null, \"low\": 0.25, \"high\": 0.7, \"log\": false}}"}
{"op_code":5,"worker_id":"12798370-a6a4-46fe-93ec-06944ec1b53b-140130416309760","trial_id":13,"param_name":"sparsity_radius","param_value_internal":0.09516129000916247,"distribution":"{\"name\": \"FloatDistribution\", \"attributes\": {\"step\": null, \"low\": 0.05, \"high\": 0.2, \"log\": false}}"}
{"op_code":5,"worker_id":"12798370-a6a4-46fe-93ec-06944ec1b53b-140130416309760","trial_id":13,"param_name":"tournament_size","param_value_internal":3.0,"distribution":"{\"name\": \"IntDistribution\", \"attributes\": {\"log\": false, \"step\": 1, \"low\": 2, \"high\": 5}}"}
{"op_code":5,"worker_id":"12798370-a6a4-46fe-93ec-06944ec1b53b-140130416309760","trial_id":13,"param_name":"num_elites","param_value_internal":4.0,"distribution":"{\"name\": \"IntDistribution\", \"attributes\": {\"log\": false, \"step\": 1, \"low\": 2, \"high\": 4}}"}
{"op_code":7,"worker_id":"12798370-a6a4-46fe-93ec-06944ec1b53b-140130416309760","trial_id":13,"step":40,"intermediate_value":0.31208255887031555}
{"op_code":7,"worker_id":"12798370-a6a4-46fe-93ec-06944ec1b53b-140130416309760","trial_id":13,"step":80,"intermediate_value":0.3231735825538635}
{"op_code":6,"worker_id":"12798370-a6a4-46fe-93ec-06944ec1b53b-140130416309760","trial_id":13,"state":1,"values":[0.31838419556617736],"datetime_complete":"2026-06-10T19:08:30.984207"}
{"op_code":4,"worker_id":"12798370-a6a4-46fe-93ec-06944ec1b53b-140130416309760","study_id":0,"datetime_start":"2026-06-10T19:08:31.069494"}
{"op_code":5,"worker_id":"12798370-a6a4-46fe-93ec-06944ec1b53b-140130416309760","trial_id":14,"param_name":"target_sparsity","param_value_internal":0.32202423159619853,"distribution":"{\"name\": \"FloatDistribution\", \"attributes\": {\"step\": null, \"low\": 0.25, \"high\": 0.7, \"log\": false}}"}
{"op_code":5,"worker_id":"12798370-a6a4-46fe-93ec-06944ec1b53b-140130416309760","trial_id":14,"param_name":"sparsity_radius","param_value_internal":0.12368758325727591,"distribution":"{\"name\": \"FloatDistribution\", \"attributes\": {\"step\": null, \"low\": 0.05, \"high\": 0.2, \"log\": false}}"}
{"op_code":5,"worker_id":"12798370-a6a4-46fe-93ec-06944ec1b53b-140130416309760","trial_id":14,"param_name":"tournament_size","param_value_internal":3.0,"distribution":"{\"name\": \"IntDistribution\", \"attributes\": {\"log\": false, \"step\": 1, \"low\": 2, \"high\": 5}}"}
{"op_code":5,"worker_id":"12798370-a6a4-46fe-93ec-06944ec1b53b-140130416309760","trial_id":14,"param_name":"num_elites","param_value_internal":4.0,"distribution":"{\"name\": \"IntDistribution\", \"attributes\": {\"log\": false, \"step\": 1, \"low\": 2, \"high\": 4}}"}
{"op_code":7,"worker_id":"12798370-a6a4-46fe-93ec-06944ec1b53b-140130416309760","trial_id":14,"step":40,"intermediate_value":0.2240106165409088}
{"op_code":6,"worker_id":"12798370-a6a4-46fe-93ec-06944ec1b53b-140130416309760","trial_id":14,"state":2,"values":[0.2240106165409088],"datetime_complete":"2026-06-10T19:09:35.756295"}
{"op_code":4,"worker_id":"12798370-a6a4-46fe-93ec-06944ec1b53b-140130416309760","study_id":0,"datetime_start":"2026-06-10T19:09:35.796774"}
{"op_code":5,"worker_id":"12798370-a6a4-46fe-93ec-06944ec1b53b-140130416309760","trial_id":15,"param_name":"target_sparsity","param_value_internal":0.6603625254480716,"distribution":"{\"name\": \"FloatDistribution\", \"attributes\": {\"step\": null, \"low\": 0.25, \"high\": 0.7, \"log\": false}}"}
{"op_code":5,"worker_id":"12798370-a6a4-46fe-93ec-06944ec1b53b-140130416309760","trial_id":15,"param_name":"sparsity_radius","param_value_internal":0.09826507664003974,"distribution":"{\"name\": \"FloatDistribution\", \"attributes\": {\"step\": null, \"low\": 0.05, \"high\": 0.2, \"log\": false}}"}
{"op_code":5,"worker_id":"12798370-a6a4-46fe-93ec-06944ec1b53b-140130416309760","trial_id":15,"param_name":"tournament_size","param_value_internal":5.0,"distribution":"{\"name\": \"IntDistribution\", \"attributes\": {\"log\": false, \"step\": 1, \"low\": 2, \"high\": 5}}"}
{"op_code":5,"worker_id":"12798370-a6a4-46fe-93ec-06944ec1b53b-140130416309760","trial_id":15,"param_name":"num_elites","param_value_internal":3.0,"distribution":"{\"name\": \"IntDistribution\", \"attributes\": {\"log\": false, \"step\": 1, \"low\": 2, \"high\": 4}}"}
{"op_code":7,"worker_id":"12798370-a6a4-46fe-93ec-06944ec1b53b-140130416309760","trial_id":15,"step":40,"intermediate_value":0.24678215384483337}
{"op_code":7,"worker_id":"12798370-a6a4-46fe-93ec-06944ec1b53b-140130416309760","trial_id":15,"step":80,"intermediate_value":0.24678215384483337}
{"op_code":6,"worker_id":"12798370-a6a4-46fe-93ec-06944ec1b53b-140130416309760","trial_id":15,"state":1,"values":[0.2413899850845337],"datetime_complete":"2026-06-10T19:11:48.387049"}
{"op_code":4,"worker_id":"12798370-a6a4-46fe-93ec-06944ec1b53b-140130416309760","study_id":0,"datetime_start":"2026-06-10T19:11:48.481552"}
{"op_code":5,"worker_id":"12798370-a6a4-46fe-93ec-06944ec1b53b-140130416309760","trial_id":16,"param_name":"target_sparsity","param_value_internal":0.3533639720127993,"distribution":"{\"name\": \"FloatDistribution\", \"attributes\": {\"step\": null, \"low\": 0.25, \"high\": 0.7, \"log\": false}}"}
{"op_code":5,"worker_id":"12798370-a6a4-46fe-93ec-06944ec1b53b-140130416309760","trial_id":16,"param_name":"sparsity_radius","param_value_internal":0.1260698080565796,"distribution":"{\"name\": \"FloatDistribution\", \"attributes\": {\"step\": null, \"low\": 0.05, \"high\": 0.2, \"log\": false}}"}
{"op_code":5,"worker_id":"12798370-a6a4-46fe-93ec-06944ec1b53b-140130416309760","trial_id":16,"param_name":"tournament_size","param_value_internal":3.0,"distribution":"{\"name\": \"IntDistribution\", \"attributes\": {\"log\": false, \"step\": 1, \"low\": 2, \"high\": 5}}"}
{"op_code":5,"worker_id":"12798370-a6a4-46fe-93ec-06944ec1b53b-140130416309760","trial_id":16,"param_name":"num_elites","param_value_internal":4.0,"distribution":"{\"name\": \"IntDistribution\", \"attributes\": {\"log\": false, \"step\": 1, \"low\": 2, \"high\": 4}}"}
{"op_code":7,"worker_id":"12798370-a6a4-46fe-93ec-06944ec1b53b-140130416309760","trial_id":16,"step":40,"intermediate_value":0.23297050595283508}
{"op_code":6,"worker_id":"12798370-a6a4-46fe-93ec-06944ec1b53b-140130416309760","trial_id":16,"state":2,"values":[0.23297050595283508],"datetime_complete":"2026-06-10T19:12:40.931156"}
{"op_code":4,"worker_id":"12798370-a6a4-46fe-93ec-06944ec1b53b-140130416309760","study_id":0,"datetime_start":"2026-06-10T19:12:40.992176"}
{"op_code":5,"worker_id":"12798370-a6a4-46fe-93ec-06944ec1b53b-140130416309760","trial_id":17,"param_name":"target_sparsity","param_value_internal":0.28530807323505125,"distribution":"{\"name\": \"FloatDistribution\", \"attributes\": {\"step\": null, \"low\": 0.25, \"high\": 0.7, \"log\": false}}"}
{"op_code":5,"worker_id":"12798370-a6a4-46fe-93ec-06944ec1b53b-140130416309760","trial_id":17,"param_name":"sparsity_radius","param_value_internal":0.09078192905789755,"distribution":"{\"name\": \"FloatDistribution\", \"attributes\": {\"step\": null, \"low\": 0.05, \"high\": 0.2, \"log\": false}}"}
{"op_code":5,"worker_id":"12798370-a6a4-46fe-93ec-06944ec1b53b-140130416309760","trial_id":17,"param_name":"tournament_size","param_value_internal":4.0,"distribution":"{\"name\": \"IntDistribution\", \"attributes\": {\"log\": false, \"step\": 1, \"low\": 2, \"high\": 5}}"}
{"op_code":5,"worker_id":"12798370-a6a4-46fe-93ec-06944ec1b53b-140130416309760","trial_id":17,"param_name":"num_elites","param_value_internal":4.0,"distribution":"{\"name\": \"IntDistribution\", \"attributes\": {\"log\": false, \"step\": 1, \"low\": 2, \"high\": 4}}"}
{"op_code":7,"worker_id":"12798370-a6a4-46fe-93ec-06944ec1b53b-140130416309760","trial_id":17,"step":40,"intermediate_value":0.228054016828537}
{"op_code":6,"worker_id":"12798370-a6a4-46fe-93ec-06944ec1b53b-140130416309760","trial_id":17,"state":2,"values":[0.228054016828537],"datetime_complete":"2026-06-10T19:13:39.178176"}
{"op_code":4,"worker_id":"12798370-a6a4-46fe-93ec-06944ec1b53b-140130416309760","study_id":0,"datetime_start":"2026-06-10T19:13:39.233705"}
{"op_code":5,"worker_id":"12798370-a6a4-46fe-93ec-06944ec1b53b-140130416309760","trial_id":18,"param_name":"target_sparsity","param_value_internal":0.2614972726647444,"distribution":"{\"name\": \"FloatDistribution\", \"attributes\": {\"step\": null, \"low\": 0.25, \"high\": 0.7, \"log\": false}}"}
{"op_code":5,"worker_id":"12798370-a6a4-46fe-93ec-06944ec1b53b-140130416309760","trial_id":18,"param_name":"sparsity_radius","param_value_internal":0.1495109642917974,"distribution":"{\"name\": \"FloatDistribution\", \"attributes\": {\"step\": null, \"low\": 0.05, \"high\": 0.2, \"log\": false}}"}
{"op_code":5,"worker_id":"12798370-a6a4-46fe-93ec-06944ec1b53b-140130416309760","trial_id":18,"param_name":"tournament_size","param_value_internal":3.0,"distribution":"{\"name\": \"IntDistribution\", \"attributes\": {\"log\": false, \"step\": 1, \"low\": 2, \"high\": 5}}"}
{"op_code":5,"worker_id":"12798370-a6a4-46fe-93ec-06944ec1b53b-140130416309760","trial_id":18,"param_name":"num_elites","param_value_internal":4.0,"distribution":"{\"name\": \"IntDistribution\", \"attributes\": {\"log\": false, \"step\": 1, \"low\": 2, \"high\": 4}}"}
{"op_code":7,"worker_id":"12798370-a6a4-46fe-93ec-06944ec1b53b-140130416309760","trial_id":18,"step":40,"intermediate_value":0.31277576088905334}
{"op_code":7,"worker_id":"12798370-a6a4-46fe-93ec-06944ec1b53b-140130416309760","trial_id":18,"step":80,"intermediate_value":0.3189137876033783}
{"op_code":6,"worker_id":"12798370-a6a4-46fe-93ec-06944ec1b53b-140130416309760","trial_id":18,"state":1,"values":[0.3147822868824005],"datetime_complete":"2026-06-10T19:15:52.639370"}
{"op_code":4,"worker_id":"12798370-a6a4-46fe-93ec-06944ec1b53b-140130416309760","study_id":0,"datetime_start":"2026-06-10T19:15:52.717747"}
{"op_code":5,"worker_id":"12798370-a6a4-46fe-93ec-06944ec1b53b-140130416309760","trial_id":19,"param_name":"target_sparsity","param_value_internal":0.5784256732892655,"distribution":"{\"name\": \"FloatDistribution\", \"attributes\": {\"step\": null, \"low\": 0.25, \"high\": 0.7, \"log\": false}}"}
{"op_code":5,"worker_id":"12798370-a6a4-46fe-93ec-06944ec1b53b-140130416309760","trial_id":19,"param_name":"sparsity_radius","param_value_internal":0.11454630735197535,"distribution":"{\"name\": \"FloatDistribution\", \"attributes\": {\"step\": null, \"low\": 0.05, \"high\": 0.2, \"log\": false}}"}
{"op_code":5,"worker_id":"12798370-a6a4-46fe-93ec-06944ec1b53b-140130416309760","trial_id":19,"param_name":"tournament_size","param_value_internal":4.0,"distribution":"{\"name\": \"IntDistribution\", \"attributes\": {\"log\": false, \"step\": 1, \"low\": 2, \"high\": 5}}"}
{"op_code":5,"worker_id":"12798370-a6a4-46fe-93ec-06944ec1b53b-140130416309760","trial_id":19,"param_name":"num_elites","param_value_internal":3.0,"distribution":"{\"name\": \"IntDistribution\", \"attributes\": {\"log\": false, \"step\": 1, \"low\": 2, \"high\": 4}}"}
{"op_code":7,"worker_id":"12798370-a6a4-46fe-93ec-06944ec1b53b-140130416309760","trial_id":19,"step":40,"intermediate_value":0.2452954649925232}
{"op_code":7,"worker_id":"12798370-a6a4-46fe-93ec-06944ec1b53b-140130416309760","trial_id":19,"step":80,"intermediate_value":0.24570634961128235}
{"op_code":6,"worker_id":"12798370-a6a4-46fe-93ec-06944ec1b53b-140130416309760","trial_id":19,"state":1,"values":[0.24071257829666137],"datetime_complete":"2026-06-10T19:18:17.161962"}
{"op_code":4,"worker_id":"12798370-a6a4-46fe-93ec-06944ec1b53b-140130416309760","study_id":0,"datetime_start":"2026-06-10T19:18:17.275688"}
{"op_code":5,"worker_id":"12798370-a6a4-46fe-93ec-06944ec1b53b-140130416309760","trial_id":20,"param_name":"target_sparsity","param_value_internal":0.43603634486172077,"distribution":"{\"name\": \"FloatDistribution\", \"attributes\": {\"step\": null, \"low\": 0.25, \"high\": 0.7, \"log\": false}}"}
{"op_code":5,"worker_id":"12798370-a6a4-46fe-93ec-06944ec1b53b-140130416309760","trial_id":20,"param_name":"sparsity_radius","param_value_internal":0.08639495764181179,"distribution":"{\"name\": \"FloatDistribution\", \"attributes\": {\"step\": null, \"low\": 0.05, \"high\": 0.2, \"log\": false}}"}
{"op_code":5,"worker_id":"12798370-a6a4-46fe-93ec-06944ec1b53b-140130416309760","trial_id":20,"param_name":"tournament_size","param_value_internal":3.0,"distribution":"{\"name\": \"IntDistribution\", \"attributes\": {\"log\": false, \"step\": 1, \"low\": 2, \"high\": 5}}"}
{"op_code":5,"worker_id":"12798370-a6a4-46fe-93ec-06944ec1b53b-140130416309760","trial_id":20,"param_name":"num_elites","param_value_internal":3.0,"distribution":"{\"name\": \"IntDistribution\", \"attributes\": {\"log\": false, \"step\": 1, \"low\": 2, \"high\": 4}}"}
{"op_code":7,"worker_id":"12798370-a6a4-46fe-93ec-06944ec1b53b-140130416309760","trial_id":20,"step":40,"intermediate_value":0.2976731061935425}
{"op_code":7,"worker_id":"12798370-a6a4-46fe-93ec-06944ec1b53b-140130416309760","trial_id":20,"step":80,"intermediate_value":0.2976731061935425}
{"op_code":6,"worker_id":"12798370-a6a4-46fe-93ec-06944ec1b53b-140130416309760","trial_id":20,"state":1,"values":[0.29072632908821106],"datetime_complete":"2026-06-10T19:20:45.269831"}
{"op_code":4,"worker_id":"12798370-a6a4-46fe-93ec-06944ec1b53b-140130416309760","study_id":0,"datetime_start":"2026-06-10T19:20:45.347062"}
{"op_code":5,"worker_id":"12798370-a6a4-46fe-93ec-06944ec1b53b-140130416309760","trial_id":21,"param_name":"target_sparsity","param_value_internal":0.25974804227723935,"distribution":"{\"name\": \"FloatDistribution\", \"attributes\": {\"step\": null, \"low\": 0.25, \"high\": 0.7, \"log\": false}}"}
{"op_code":5,"worker_id":"12798370-a6a4-46fe-93ec-06944ec1b53b-140130416309760","trial_id":21,"param_name":"sparsity_radius","param_value_internal":0.14473204223678868,"distribution":"{\"name\": \"FloatDistribution\", \"attributes\": {\"step\": null, \"low\": 0.05, \"high\": 0.2, \"log\": false}}"}
{"op_code":5,"worker_id":"12798370-a6a4-46fe-93ec-06944ec1b53b-140130416309760","trial_id":21,"param_name":"tournament_size","param_value_internal":3.0,"distribution":"{\"name\": \"IntDistribution\", \"attributes\": {\"log\": false, \"step\": 1, \"low\": 2, \"high\": 5}}"}
{"op_code":5,"worker_id":"12798370-a6a4-46fe-93ec-06944ec1b53b-140130416309760","trial_id":21,"param_name":"num_elites","param_value_internal":4.0,"distribution":"{\"name\": \"IntDistribution\", \"attributes\": {\"log\": false, \"step\": 1, \"low\": 2, \"high\": 4}}"}
{"op_code":7,"worker_id":"12798370-a6a4-46fe-93ec-06944ec1b53b-140130416309760","trial_id":21,"step":40,"intermediate_value":0.31936120986938477}
{"op_code":7,"worker_id":"12798370-a6a4-46fe-93ec-06944ec1b53b-140130416309760","trial_id":21,"step":80,"intermediate_value":0.32964205741882324}
{"op_code":6,"worker_id":"12798370-a6a4-46fe-93ec-06944ec1b53b-140130416309760","trial_id":21,"state":1,"values":[0.3249143612384796],"datetime_complete":"2026-06-10T19:23:20.395062"}
{"op_code":4,"worker_id":"12798370-a6a4-46fe-93ec-06944ec1b53b-140130416309760","study_id":0,"datetime_start":"2026-06-10T19:23:20.485922"}
{"op_code":5,"worker_id":"12798370-a6a4-46fe-93ec-06944ec1b53b-140130416309760","trial_id":22,"param_name":"target_sparsity","param_value_internal":0.3465444649251954,"distribution":"{\"name\": \"FloatDistribution\", \"attributes\": {\"step\": null, \"low\": 0.25, \"high\": 0.7, \"log\": false}}"}
{"op_code":5,"worker_id":"12798370-a6a4-46fe-93ec-06944ec1b53b-140130416309760","trial_id":22,"param_name":"sparsity_radius","param_value_internal":0.13961285426483458,"distribution":"{\"name\": \"FloatDistribution\", \"attributes\": {\"step\": null, \"low\": 0.05, \"high\": 0.2, \"log\": false}}"}
{"op_code":5,"worker_id":"12798370-a6a4-46fe-93ec-06944ec1b53b-140130416309760","trial_id":22,"param_name":"tournament_size","param_value_internal":3.0,"distribution":"{\"name\": \"IntDistribution\", \"attributes\": {\"log\": false, \"step\": 1, \"low\": 2, \"high\": 5}}"}
{"op_code":5,"worker_id":"12798370-a6a4-46fe-93ec-06944ec1b53b-140130416309760","trial_id":22,"param_name":"num_elites","param_value_internal":4.0,"distribution":"{\"name\": \"IntDistribution\", \"attributes\": {\"log\": false, \"step\": 1, \"low\": 2, \"high\": 4}}"}
{"op_code":7,"worker_id":"12798370-a6a4-46fe-93ec-06944ec1b53b-140130416309760","trial_id":22,"step":40,"intermediate_value":0.23305630683898926}
{"op_code":6,"worker_id":"12798370-a6a4-46fe-93ec-06944ec1b53b-140130416309760","trial_id":22,"state":2,"values":[0.23305630683898926],"datetime_complete":"2026-06-10T19:24:25.887691"}
{"op_code":4,"worker_id":"12798370-a6a4-46fe-93ec-06944ec1b53b-140130416309760","study_id":0,"datetime_start":"2026-06-10T19:24:25.921742"}
{"op_code":5,"worker_id":"12798370-a6a4-46fe-93ec-06944ec1b53b-140130416309760","trial_id":23,"param_name":"target_sparsity","param_value_internal":0.25109163809001905,"distribution":"{\"name\": \"FloatDistribution\", \"attributes\": {\"step\": null, \"low\": 0.25, \"high\": 0.7, \"log\": false}}"}
{"op_code":5,"worker_id":"12798370-a6a4-46fe-93ec-06944ec1b53b-140130416309760","trial_id":23,"param_name":"sparsity_radius","param_value_internal":0.1137907993316951,"distribution":"{\"name\": \"FloatDistribution\", \"attributes\": {\"step\": null, \"low\": 0.05, \"high\": 0.2, \"log\": false}}"}
{"op_code":5,"worker_id":"12798370-a6a4-46fe-93ec-06944ec1b53b-140130416309760","trial_id":23,"param_name":"tournament_size","param_value_internal":3.0,"distribution":"{\"name\": \"IntDistribution\", \"attributes\": {\"log\": false, \"step\": 1, \"low\": 2, \"high\": 5}}"}
{"op_code":5,"worker_id":"12798370-a6a4-46fe-93ec-06944ec1b53b-140130416309760","trial_id":23,"param_name":"num_elites","param_value_internal":4.0,"distribution":"{\"name\": \"IntDistribution\", \"attributes\": {\"log\": false, \"step\": 1, \"low\": 2, \"high\": 4}}"}
{"op_code":7,"worker_id":"12798370-a6a4-46fe-93ec-06944ec1b53b-140130416309760","trial_id":23,"step":40,"intermediate_value":0.22834119200706482}
{"op_code":6,"worker_id":"12798370-a6a4-46fe-93ec-06944ec1b53b-140130416309760","trial_id":23,"state":2,"values":[0.22834119200706482],"datetime_complete":"2026-06-10T19:25:35.219457"}
{"op_code":4,"worker_id":"12798370-a6a4-46fe-93ec-06944ec1b53b-140130416309760","study_id":0,"datetime_start":"2026-06-10T19:25:35.276244"}
{"op_code":5,"worker_id":"12798370-a6a4-46fe-93ec-06944ec1b53b-140130416309760","trial_id":24,"param_name":"target_sparsity","param_value_internal":0.3000973709968281,"distribution":"{\"name\": \"FloatDistribution\", \"attributes\": {\"step\": null, \"low\": 0.25, \"high\": 0.7, \"log\": false}}"}
{"op_code":5,"worker_id":"12798370-a6a4-46fe-93ec-06944ec1b53b-140130416309760","trial_id":24,"param_name":"sparsity_radius","param_value_internal":0.16985580325199306,"distribution":"{\"name\": \"FloatDistribution\", \"attributes\": {\"step\": null, \"low\": 0.05, \"high\": 0.2, \"log\": false}}"}
{"op_code":5,"worker_id":"12798370-a6a4-46fe-93ec-06944ec1b53b-140130416309760","trial_id":24,"param_name":"tournament_size","param_value_internal":4.0,"distribution":"{\"name\": \"IntDistribution\", \"attributes\": {\"log\": false, \"step\": 1, \"low\": 2, \"high\": 5}}"}
{"op_code":5,"worker_id":"12798370-a6a4-46fe-93ec-06944ec1b53b-140130416309760","trial_id":24,"param_name":"num_elites","param_value_internal":4.0,"distribution":"{\"name\": \"IntDistribution\", \"attributes\": {\"log\": false, \"step\": 1, \"low\": 2, \"high\": 4}}"}
{"op_code":7,"worker_id":"12798370-a6a4-46fe-93ec-06944ec1b53b-140130416309760","trial_id":24,"step":40,"intermediate_value":0.23401471972465515}
{"op_code":6,"worker_id":"12798370-a6a4-46fe-93ec-06944ec1b53b-140130416309760","trial_id":24,"state":2,"values":[0.23401471972465515],"datetime_complete":"2026-06-10T19:26:42.112070"}
{"op_code":4,"worker_id":"12798370-a6a4-46fe-93ec-06944ec1b53b-140130416309760","study_id":0,"datetime_start":"2026-06-10T19:26:42.152164"}
{"op_code":5,"worker_id":"12798370-a6a4-46fe-93ec-06944ec1b53b-140130416309760","trial_id":25,"param_name":"target_sparsity","param_value_internal":0.3725707596998997,"distribution":"{\"name\": \"FloatDistribution\", \"attributes\": {\"step\": null, \"low\": 0.25, \"high\": 0.7, \"log\": false}}"}
{"op_code":5,"worker_id":"12798370-a6a4-46fe-93ec-06944ec1b53b-140130416309760","trial_id":25,"param_name":"sparsity_radius","param_value_internal":0.13466198094805168,"distribution":"{\"name\": \"FloatDistribution\", \"attributes\": {\"step\": null, \"low\": 0.05, \"high\": 0.2, \"log\": false}}"}
{"op_code":5,"worker_id":"12798370-a6a4-46fe-93ec-06944ec1b53b-140130416309760","trial_id":25,"param_name":"tournament_size","param_value_internal":3.0,"distribution":"{\"name\": \"IntDistribution\", \"attributes\": {\"log\": false, \"step\": 1, \"low\": 2, \"high\": 5}}"}
{"op_code":5,"worker_id":"12798370-a6a4-46fe-93ec-06944ec1b53b-140130416309760","trial_id":25,"param_name":"num_elites","param_value_internal":4.0,"distribution":"{\"name\": \"IntDistribution\", \"attributes\": {\"log\": false, \"step\": 1, \"low\": 2, \"high\": 4}}"}
{"op_code":7,"worker_id":"12798370-a6a4-46fe-93ec-06944ec1b53b-140130416309760","trial_id":25,"step":40,"intermediate_value":0.23749804496765137}
{"op_code":6,"worker_id":"12798370-a6a4-46fe-93ec-06944ec1b53b-140130416309760","trial_id":25,"state":2,"values":[0.23749804496765137],"datetime_complete":"2026-06-10T19:27:47.136433"}
{"op_code":4,"worker_id":"12798370-a6a4-46fe-93ec-06944ec1b53b-140130416309760","study_id":0,"datetime_start":"2026-06-10T19:27:47.172210"}
{"op_code":5,"worker_id":"12798370-a6a4-46fe-93ec-06944ec1b53b-140130416309760","trial_id":26,"param_name":"target_sparsity","param_value_internal":0.2943006999952149,"distribution":"{\"name\": \"FloatDistribution\", \"attributes\": {\"step\": null, \"low\": 0.25, \"high\": 0.7, \"log\": false}}"}
{"op_code":5,"worker_id":"12798370-a6a4-46fe-93ec-06944ec1b53b-140130416309760","trial_id":26,"param_name":"sparsity_radius","param_value_internal":0.14657320676105506,"distribution":"{\"name\": \"FloatDistribution\", \"attributes\": {\"step\": null, \"low\": 0.05, \"high\": 0.2, \"log\": false}}"}
{"op_code":5,"worker_id":"12798370-a6a4-46fe-93ec-06944ec1b53b-140130416309760","trial_id":26,"param_name":"tournament_size","param_value_internal":2.0,"distribution":"{\"name\": \"IntDistribution\", \"attributes\": {\"log\": false, \"step\": 1, \"low\": 2, \"high\": 5}}"}
{"op_code":5,"worker_id":"12798370-a6a4-46fe-93ec-06944ec1b53b-140130416309760","trial_id":26,"param_name":"num_elites","param_value_internal":4.0,"distribution":"{\"name\": \"IntDistribution\", \"attributes\": {\"log\": false, \"step\": 1, \"low\": 2, \"high\": 4}}"}
{"op_code":7,"worker_id":"12798370-a6a4-46fe-93ec-06944ec1b53b-140130416309760","trial_id":26,"step":40,"intermediate_value":0.31281569600105286}
{"op_code":7,"worker_id":"12798370-a6a4-46fe-93ec-06944ec1b53b-140130416309760","trial_id":26,"step":80,"intermediate_value":0.3228805959224701}
{"op_code":6,"worker_id":"12798370-a6a4-46fe-93ec-06944ec1b53b-140130416309760","trial_id":26,"state":1,"values":[0.3211655867099762],"datetime_complete":"2026-06-10T19:30:52.515242"}
{"op_code":4,"worker_id":"12798370-a6a4-46fe-93ec-06944ec1b53b-140130416309760","study_id":0,"datetime_start":"2026-06-10T19:30:52.590535"}
{"op_code":5,"worker_id":"12798370-a6a4-46fe-93ec-06944ec1b53b-140130416309760","trial_id":27,"param_name":"target_sparsity","param_value_internal":0.2937582098937088,"distribution":"{\"name\": \"FloatDistribution\", \"attributes\": {\"step\": null, \"low\": 0.25, \"high\": 0.7, \"log\": false}}"}
{"op_code":5,"worker_id":"12798370-a6a4-46fe-93ec-06944ec1b53b-140130416309760","trial_id":27,"param_name":"sparsity_radius","param_value_internal":0.14569924366616577,"distribution":"{\"name\": \"FloatDistribution\", \"attributes\": {\"step\": null, \"low\": 0.05, \"high\": 0.2, \"log\": false}}"}
{"op_code":5,"worker_id":"12798370-a6a4-46fe-93ec-06944ec1b53b-140130416309760","trial_id":27,"param_name":"tournament_size","param_value_internal":2.0,"distribution":"{\"name\": \"IntDistribution\", \"attributes\": {\"log\": false, \"step\": 1, \"low\": 2, \"high\": 5}}"}
{"op_code":5,"worker_id":"12798370-a6a4-46fe-93ec-06944ec1b53b-140130416309760","trial_id":27,"param_name":"num_elites","param_value_internal":3.0,"distribution":"{\"name\": \"IntDistribution\", \"attributes\": {\"log\": false, \"step\": 1, \"low\": 2, \"high\": 4}}"}
{"op_code":7,"worker_id":"12798370-a6a4-46fe-93ec-06944ec1b53b-140130416309760","trial_id":27,"step":40,"intermediate_value":0.2309783399105072}
{"op_code":6,"worker_id":"12798370-a6a4-46fe-93ec-06944ec1b53b-140130416309760","trial_id":27,"state":2,"values":[0.2309783399105072],"datetime_complete":"2026-06-10T19:31:56.856974"}
{"op_code":4,"worker_id":"12798370-a6a4-46fe-93ec-06944ec1b53b-140130416309760","study_id":0,"datetime_start":"2026-06-10T19:31:56.898358"}
{"op_code":5,"worker_id":"12798370-a6a4-46fe-93ec-06944ec1b53b-140130416309760","trial_id":28,"param_name":"target_sparsity","param_value_internal":0.40934588629266866,"distribution":"{\"name\": \"FloatDistribution\", \"attributes\": {\"step\": null, \"low\": 0.25, \"high\": 0.7, \"log\": false}}"}
{"op_code":5,"worker_id":"12798370-a6a4-46fe-93ec-06944ec1b53b-140130416309760","trial_id":28,"param_name":"sparsity_radius","param_value_internal":0.16712878806106818,"distribution":"{\"name\": \"FloatDistribution\", \"attributes\": {\"step\": null, \"low\": 0.05, \"high\": 0.2, \"log\": false}}"}
{"op_code":5,"worker_id":"12798370-a6a4-46fe-93ec-06944ec1b53b-140130416309760","trial_id":28,"param_name":"tournament_size","param_value_internal":2.0,"distribution":"{\"name\": \"IntDistribution\", \"attributes\": {\"log\": false, \"step\": 1, \"low\": 2, \"high\": 5}}"}
{"op_code":5,"worker_id":"12798370-a6a4-46fe-93ec-06944ec1b53b-140130416309760","trial_id":28,"param_name":"num_elites","param_value_internal":4.0,"distribution":"{\"name\": \"IntDistribution\", \"attributes\": {\"log\": false, \"step\": 1, \"low\": 2, \"high\": 4}}"}
{"op_code":7,"worker_id":"12798370-a6a4-46fe-93ec-06944ec1b53b-140130416309760","trial_id":28,"step":40,"intermediate_value":0.23734864592552185}
{"op_code":6,"worker_id":"12798370-a6a4-46fe-93ec-06944ec1b53b-140130416309760","trial_id":28,"state":2,"values":[0.23734864592552185],"datetime_complete":"2026-06-10T19:32:57.911285"}
{"op_code":4,"worker_id":"12798370-a6a4-46fe-93ec-06944ec1b53b-140130416309760","study_id":0,"datetime_start":"2026-06-10T19:32:57.962478"}
{"op_code":5,"worker_id":"12798370-a6a4-46fe-93ec-06944ec1b53b-140130416309760","trial_id":29,"param_name":"target_sparsity","param_value_internal":0.48535677985412684,"distribution":"{\"name\": \"FloatDistribution\", \"attributes\": {\"step\": null, \"low\": 0.25, \"high\": 0.7, \"log\": false}}"}
{"op_code":5,"worker_id":"12798370-a6a4-46fe-93ec-06944ec1b53b-140130416309760","trial_id":29,"param_name":"sparsity_radius","param_value_internal":0.18399697139046306,"distribution":"{\"name\": \"FloatDistribution\", \"attributes\": {\"step\": null, \"low\": 0.05, \"high\": 0.2, \"log\": false}}"}
{"op_code":5,"worker_id":"12798370-a6a4-46fe-93ec-06944ec1b53b-140130416309760","trial_id":29,"param_name":"tournament_size","param_value_internal":2.0,"distribution":"{\"name\": \"IntDistribution\", \"attributes\": {\"log\": false, \"step\": 1, \"low\": 2, \"high\": 5}}"}
{"op_code":5,"worker_id":"12798370-a6a4-46fe-93ec-06944ec1b53b-140130416309760","trial_id":29,"param_name":"num_elites","param_value_internal":3.0,"distribution":"{\"name\": \"IntDistribution\", \"attributes\": {\"log\": false, \"step\": 1, \"low\": 2, \"high\": 4}}"}
{"op_code":7,"worker_id":"12798370-a6a4-46fe-93ec-06944ec1b53b-140130416309760","trial_id":29,"step":40,"intermediate_value":0.2424255609512329}
{"op_code":6,"worker_id":"12798370-a6a4-46fe-93ec-06944ec1b53b-140130416309760","trial_id":29,"state":2,"values":[0.2424255609512329],"datetime_complete":"2026-06-10T19:33:52.010775"}
