{"op_code":0,"worker_id":"9ace7d78-1b15-4eed-bb46-17c337e4b0b2-140142189180416","study_name":"cnn_optimization_ga","directions":[2]}
{"op_code":4,"worker_id":"c9d9f6ef-0f80-4f44-8f93-e1a4a67f491b-140479449077568","study_id":0,"datetime_start":"2026-06-07T16:14:43.440706"}
{"op_code":5,"worker_id":"c9d9f6ef-0f80-4f44-8f93-e1a4a67f491b-140479449077568","trial_id":0,"param_name":"learning_rate","param_value_internal":0.00043284502212938834,"distribution":"{\"name\": \"FloatDistribution\", \"attributes\": {\"step\": null, \"low\": 0.0001, \"high\": 0.005, \"log\": true}}"}
{"op_code":5,"worker_id":"c9d9f6ef-0f80-4f44-8f93-e1a4a67f491b-140479449077568","trial_id":0,"param_name":"dropout_1","param_value_internal":0.5704285838459496,"distribution":"{\"name\": \"FloatDistribution\", \"attributes\": {\"step\": null, \"low\": 0.0, \"high\": 0.6, \"log\": false}}"}
{"op_code":5,"worker_id":"c9d9f6ef-0f80-4f44-8f93-e1a4a67f491b-140479449077568","trial_id":0,"param_name":"dropout_2","param_value_internal":0.43919636508684307,"distribution":"{\"name\": \"FloatDistribution\", \"attributes\": {\"step\": null, \"low\": 0.0, \"high\": 0.6, \"log\": false}}"}
{"op_code":5,"worker_id":"c9d9f6ef-0f80-4f44-8f93-e1a4a67f491b-140479449077568","trial_id":0,"param_name":"dense_units","param_value_internal":640.0,"distribution":"{\"name\": \"IntDistribution\", \"attributes\": {\"log\": false, \"step\": 64, \"low\": 64, \"high\": 1024}}"}
{"op_code":5,"worker_id":"c9d9f6ef-0f80-4f44-8f93-e1a4a67f491b-140479449077568","trial_id":0,"param_name":"l2_reg","param_value_internal":4.2079886696066345e-06,"distribution":"{\"name\": \"FloatDistribution\", \"attributes\": {\"step\": null, \"low\": 1e-06, \"high\": 0.01, \"log\": true}}"}
{"op_code":5,"worker_id":"c9d9f6ef-0f80-4f44-8f93-e1a4a67f491b-140479449077568","trial_id":0,"param_name":"optimizer","param_value_internal":0,"distribution":"{\"name\": \"CategoricalDistribution\", \"attributes\": {\"choices\": [\"adam\", \"rmsprop\"]}}"}
{"op_code":6,"worker_id":"c9d9f6ef-0f80-4f44-8f93-e1a4a67f491b-140479449077568","trial_id":0,"state":1,"values":[0.7537999749183655],"datetime_complete":"2026-06-07T16:35:03.389624"}
{"op_code":4,"worker_id":"f4159d65-7d31-4e5b-980c-fff97271c4b5-139766416615232","study_id":0,"datetime_start":"2026-06-07T16:35:29.265570"}
{"op_code":5,"worker_id":"f4159d65-7d31-4e5b-980c-fff97271c4b5-139766416615232","trial_id":1,"param_name":"learning_rate","param_value_internal":0.00015684629241532954,"distribution":"{\"name\": \"FloatDistribution\", \"attributes\": {\"step\": null, \"low\": 0.0001, \"high\": 0.005, \"log\": true}}"}
{"op_code":5,"worker_id":"f4159d65-7d31-4e5b-980c-fff97271c4b5-139766416615232","trial_id":1,"param_name":"dropout_1","param_value_internal":0.36543992356768884,"distribution":"{\"name\": \"FloatDistribution\", \"attributes\": {\"step\": null, \"low\": 0.0, \"high\": 0.6, \"log\": false}}"}
{"op_code":5,"worker_id":"f4159d65-7d31-4e5b-980c-fff97271c4b5-139766416615232","trial_id":1,"param_name":"dropout_2","param_value_internal":0.08003457851159297,"distribution":"{\"name\": \"FloatDistribution\", \"attributes\": {\"step\": null, \"low\": 0.0, \"high\": 0.6, \"log\": false}}"}
{"op_code":5,"worker_id":"f4159d65-7d31-4e5b-980c-fff97271c4b5-139766416615232","trial_id":1,"param_name":"dense_units","param_value_internal":256.0,"distribution":"{\"name\": \"IntDistribution\", \"attributes\": {\"log\": false, \"step\": 64, \"low\": 64, \"high\": 1024}}"}
{"op_code":5,"worker_id":"f4159d65-7d31-4e5b-980c-fff97271c4b5-139766416615232","trial_id":1,"param_name":"l2_reg","param_value_internal":2.0349616224981566e-05,"distribution":"{\"name\": \"FloatDistribution\", \"attributes\": {\"step\": null, \"low\": 1e-06, \"high\": 0.01, \"log\": true}}"}
{"op_code":5,"worker_id":"f4159d65-7d31-4e5b-980c-fff97271c4b5-139766416615232","trial_id":1,"param_name":"optimizer","param_value_internal":0,"distribution":"{\"name\": \"CategoricalDistribution\", \"attributes\": {\"choices\": [\"adam\", \"rmsprop\"]}}"}
{"op_code":6,"worker_id":"f4159d65-7d31-4e5b-980c-fff97271c4b5-139766416615232","trial_id":1,"state":1,"values":[0.7537999749183655],"datetime_complete":"2026-06-07T16:55:40.526201"}
{"op_code":4,"worker_id":"07125d0a-f3d2-4e2a-ad1a-1db9115d3fb0-140546908227392","study_id":0,"datetime_start":"2026-06-07T16:56:15.261660"}
{"op_code":5,"worker_id":"07125d0a-f3d2-4e2a-ad1a-1db9115d3fb0-140546908227392","trial_id":2,"param_name":"learning_rate","param_value_internal":0.0026204252099715254,"distribution":"{\"name\": \"FloatDistribution\", \"attributes\": {\"step\": null, \"low\": 0.0001, \"high\": 0.005, \"log\": true}}"}
{"op_code":5,"worker_id":"07125d0a-f3d2-4e2a-ad1a-1db9115d3fb0-140546908227392","trial_id":2,"param_name":"dropout_1","param_value_internal":0.06287766262192185,"distribution":"{\"name\": \"FloatDistribution\", \"attributes\": {\"step\": null, \"low\": 0.0, \"high\": 0.6, \"log\": false}}"}
{"op_code":5,"worker_id":"07125d0a-f3d2-4e2a-ad1a-1db9115d3fb0-140546908227392","trial_id":2,"param_name":"dropout_2","param_value_internal":0.44678428900771067,"distribution":"{\"name\": \"FloatDistribution\", \"attributes\": {\"step\": null, \"low\": 0.0, \"high\": 0.6, \"log\": false}}"}
{"op_code":5,"worker_id":"07125d0a-f3d2-4e2a-ad1a-1db9115d3fb0-140546908227392","trial_id":2,"param_name":"dense_units","param_value_internal":384.0,"distribution":"{\"name\": \"IntDistribution\", \"attributes\": {\"log\": false, \"step\": 64, \"low\": 64, \"high\": 1024}}"}
{"op_code":5,"worker_id":"07125d0a-f3d2-4e2a-ad1a-1db9115d3fb0-140546908227392","trial_id":2,"param_name":"l2_reg","param_value_internal":2.7368018278462964e-05,"distribution":"{\"name\": \"FloatDistribution\", \"attributes\": {\"step\": null, \"low\": 1e-06, \"high\": 0.01, \"log\": true}}"}
{"op_code":5,"worker_id":"07125d0a-f3d2-4e2a-ad1a-1db9115d3fb0-140546908227392","trial_id":2,"param_name":"optimizer","param_value_internal":0,"distribution":"{\"name\": \"CategoricalDistribution\", \"attributes\": {\"choices\": [\"adam\", \"rmsprop\"]}}"}
{"op_code":6,"worker_id":"07125d0a-f3d2-4e2a-ad1a-1db9115d3fb0-140546908227392","trial_id":2,"state":1,"values":[0.7839999794960022],"datetime_complete":"2026-06-07T17:16:16.489964"}
{"op_code":4,"worker_id":"0f85f27f-c5d5-4c4a-a88c-67b146f66f64-140223061219136","study_id":0,"datetime_start":"2026-06-07T17:16:43.752863"}
{"op_code":5,"worker_id":"0f85f27f-c5d5-4c4a-a88c-67b146f66f64-140223061219136","trial_id":3,"param_name":"learning_rate","param_value_internal":0.004789618199206087,"distribution":"{\"name\": \"FloatDistribution\", \"attributes\": {\"step\": null, \"low\": 0.0001, \"high\": 0.005, \"log\": true}}"}
{"op_code":5,"worker_id":"0f85f27f-c5d5-4c4a-a88c-67b146f66f64-140223061219136","trial_id":3,"param_name":"dropout_1","param_value_internal":0.32972683610683523,"distribution":"{\"name\": \"FloatDistribution\", \"attributes\": {\"step\": null, \"low\": 0.0, \"high\": 0.6, \"log\": false}}"}
{"op_code":5,"worker_id":"0f85f27f-c5d5-4c4a-a88c-67b146f66f64-140223061219136","trial_id":3,"param_name":"dropout_2","param_value_internal":0.1688683811730377,"distribution":"{\"name\": \"FloatDistribution\", \"attributes\": {\"step\": null, \"low\": 0.0, \"high\": 0.6, \"log\": false}}"}
{"op_code":5,"worker_id":"0f85f27f-c5d5-4c4a-a88c-67b146f66f64-140223061219136","trial_id":3,"param_name":"dense_units","param_value_internal":128.0,"distribution":"{\"name\": \"IntDistribution\", \"attributes\": {\"log\": false, \"step\": 64, \"low\": 64, \"high\": 1024}}"}
{"op_code":5,"worker_id":"0f85f27f-c5d5-4c4a-a88c-67b146f66f64-140223061219136","trial_id":3,"param_name":"l2_reg","param_value_internal":5.9962258713353515e-05,"distribution":"{\"name\": \"FloatDistribution\", \"attributes\": {\"step\": null, \"low\": 1e-06, \"high\": 0.01, \"log\": true}}"}
{"op_code":5,"worker_id":"0f85f27f-c5d5-4c4a-a88c-67b146f66f64-140223061219136","trial_id":3,"param_name":"optimizer","param_value_internal":0,"distribution":"{\"name\": \"CategoricalDistribution\", \"attributes\": {\"choices\": [\"adam\", \"rmsprop\"]}}"}
{"op_code":6,"worker_id":"0f85f27f-c5d5-4c4a-a88c-67b146f66f64-140223061219136","trial_id":3,"state":1,"values":[0.7627999782562256],"datetime_complete":"2026-06-07T17:37:59.997535"}
{"op_code":4,"worker_id":"bdfff104-1a93-4ae7-b6cf-3e84de5d1f11-140134417823552","study_id":0,"datetime_start":"2026-06-07T17:38:32.534719"}
{"op_code":5,"worker_id":"bdfff104-1a93-4ae7-b6cf-3e84de5d1f11-140134417823552","trial_id":4,"param_name":"learning_rate","param_value_internal":0.002146385137578536,"distribution":"{\"name\": \"FloatDistribution\", \"attributes\": {\"step\": null, \"low\": 0.0001, \"high\": 0.005, \"log\": true}}"}
{"op_code":5,"worker_id":"bdfff104-1a93-4ae7-b6cf-3e84de5d1f11-140134417823552","trial_id":4,"param_name":"dropout_1","param_value_internal":0.38090022363163806,"distribution":"{\"name\": \"FloatDistribution\", \"attributes\": {\"step\": null, \"low\": 0.0, \"high\": 0.6, \"log\": false}}"}
{"op_code":5,"worker_id":"bdfff104-1a93-4ae7-b6cf-3e84de5d1f11-140134417823552","trial_id":4,"param_name":"dropout_2","param_value_internal":0.14942585490944932,"distribution":"{\"name\": \"FloatDistribution\", \"attributes\": {\"step\": null, \"low\": 0.0, \"high\": 0.6, \"log\": false}}"}
{"op_code":5,"worker_id":"bdfff104-1a93-4ae7-b6cf-3e84de5d1f11-140134417823552","trial_id":4,"param_name":"dense_units","param_value_internal":832.0,"distribution":"{\"name\": \"IntDistribution\", \"attributes\": {\"log\": false, \"step\": 64, \"low\": 64, \"high\": 1024}}"}
{"op_code":5,"worker_id":"bdfff104-1a93-4ae7-b6cf-3e84de5d1f11-140134417823552","trial_id":4,"param_name":"l2_reg","param_value_internal":1.787753934560751e-05,"distribution":"{\"name\": \"FloatDistribution\", \"attributes\": {\"step\": null, \"low\": 1e-06, \"high\": 0.01, \"log\": true}}"}
{"op_code":5,"worker_id":"bdfff104-1a93-4ae7-b6cf-3e84de5d1f11-140134417823552","trial_id":4,"param_name":"optimizer","param_value_internal":0,"distribution":"{\"name\": \"CategoricalDistribution\", \"attributes\": {\"choices\": [\"adam\", \"rmsprop\"]}}"}
{"op_code":6,"worker_id":"bdfff104-1a93-4ae7-b6cf-3e84de5d1f11-140134417823552","trial_id":4,"state":1,"values":[0.7757999897003174],"datetime_complete":"2026-06-07T17:59:33.688646"}
{"op_code":4,"worker_id":"9dc1566a-5b88-4528-98f6-44eea2a48e6f-140638786066240","study_id":0,"datetime_start":"2026-06-07T18:00:04.373754"}
{"op_code":5,"worker_id":"9dc1566a-5b88-4528-98f6-44eea2a48e6f-140638786066240","trial_id":5,"param_name":"learning_rate","param_value_internal":0.00015588829590749813,"distribution":"{\"name\": \"FloatDistribution\", \"attributes\": {\"step\": null, \"low\": 0.0001, \"high\": 0.005, \"log\": true}}"}
{"op_code":5,"worker_id":"9dc1566a-5b88-4528-98f6-44eea2a48e6f-140638786066240","trial_id":5,"param_name":"dropout_1","param_value_internal":0.584689856661874,"distribution":"{\"name\": \"FloatDistribution\", \"attributes\": {\"step\": null, \"low\": 0.0, \"high\": 0.6, \"log\": false}}"}
{"op_code":5,"worker_id":"9dc1566a-5b88-4528-98f6-44eea2a48e6f-140638786066240","trial_id":5,"param_name":"dropout_2","param_value_internal":0.43724078010066375,"distribution":"{\"name\": \"FloatDistribution\", \"attributes\": {\"step\": null, \"low\": 0.0, \"high\": 0.6, \"log\": false}}"}
{"op_code":5,"worker_id":"9dc1566a-5b88-4528-98f6-44eea2a48e6f-140638786066240","trial_id":5,"param_name":"dense_units","param_value_internal":384.0,"distribution":"{\"name\": \"IntDistribution\", \"attributes\": {\"log\": false, \"step\": 64, \"low\": 64, \"high\": 1024}}"}
{"op_code":5,"worker_id":"9dc1566a-5b88-4528-98f6-44eea2a48e6f-140638786066240","trial_id":5,"param_name":"l2_reg","param_value_internal":0.0006767379836193072,"distribution":"{\"name\": \"FloatDistribution\", \"attributes\": {\"step\": null, \"low\": 1e-06, \"high\": 0.01, \"log\": true}}"}
{"op_code":5,"worker_id":"9dc1566a-5b88-4528-98f6-44eea2a48e6f-140638786066240","trial_id":5,"param_name":"optimizer","param_value_internal":0,"distribution":"{\"name\": \"CategoricalDistribution\", \"attributes\": {\"choices\": [\"adam\", \"rmsprop\"]}}"}
{"op_code":6,"worker_id":"9dc1566a-5b88-4528-98f6-44eea2a48e6f-140638786066240","trial_id":5,"state":1,"values":[0.7411999702453613],"datetime_complete":"2026-06-07T18:20:53.382020"}
{"op_code":4,"worker_id":"74a77318-fc3e-4bdc-b74b-30070373892f-140344007223104","study_id":0,"datetime_start":"2026-06-07T18:21:23.639610"}
{"op_code":5,"worker_id":"74a77318-fc3e-4bdc-b74b-30070373892f-140344007223104","trial_id":6,"param_name":"learning_rate","param_value_internal":0.0001070817464451155,"distribution":"{\"name\": \"FloatDistribution\", \"attributes\": {\"step\": null, \"low\": 0.0001, \"high\": 0.005, \"log\": true}}"}
{"op_code":5,"worker_id":"74a77318-fc3e-4bdc-b74b-30070373892f-140344007223104","trial_id":6,"param_name":"dropout_1","param_value_internal":0.534943960308155,"distribution":"{\"name\": \"FloatDistribution\", \"attributes\": {\"step\": null, \"low\": 0.0, \"high\": 0.6, \"log\": false}}"}
{"op_code":5,"worker_id":"74a77318-fc3e-4bdc-b74b-30070373892f-140344007223104","trial_id":6,"param_name":"dropout_2","param_value_internal":0.17091670048435098,"distribution":"{\"name\": \"FloatDistribution\", \"attributes\": {\"step\": null, \"low\": 0.0, \"high\": 0.6, \"log\": false}}"}
{"op_code":5,"worker_id":"74a77318-fc3e-4bdc-b74b-30070373892f-140344007223104","trial_id":6,"param_name":"dense_units","param_value_internal":320.0,"distribution":"{\"name\": \"IntDistribution\", \"attributes\": {\"log\": false, \"step\": 64, \"low\": 64, \"high\": 1024}}"}
{"op_code":5,"worker_id":"74a77318-fc3e-4bdc-b74b-30070373892f-140344007223104","trial_id":6,"param_name":"l2_reg","param_value_internal":0.0014727771673352314,"distribution":"{\"name\": \"FloatDistribution\", \"attributes\": {\"step\": null, \"low\": 1e-06, \"high\": 0.01, \"log\": true}}"}
{"op_code":5,"worker_id":"74a77318-fc3e-4bdc-b74b-30070373892f-140344007223104","trial_id":6,"param_name":"optimizer","param_value_internal":1,"distribution":"{\"name\": \"CategoricalDistribution\", \"attributes\": {\"choices\": [\"adam\", \"rmsprop\"]}}"}
{"op_code":6,"worker_id":"74a77318-fc3e-4bdc-b74b-30070373892f-140344007223104","trial_id":6,"state":1,"values":[0.7347999811172485],"datetime_complete":"2026-06-07T18:41:56.819798"}
{"op_code":4,"worker_id":"e3608c94-1287-4439-8df6-65cc3853fddc-140614425401152","study_id":0,"datetime_start":"2026-06-07T18:42:29.260521"}
{"op_code":5,"worker_id":"e3608c94-1287-4439-8df6-65cc3853fddc-140614425401152","trial_id":7,"param_name":"learning_rate","param_value_internal":0.0003245858497064564,"distribution":"{\"name\": \"FloatDistribution\", \"attributes\": {\"step\": null, \"low\": 0.0001, \"high\": 0.005, \"log\": true}}"}
{"op_code":5,"worker_id":"e3608c94-1287-4439-8df6-65cc3853fddc-140614425401152","trial_id":7,"param_name":"dropout_1","param_value_internal":0.14823709917708863,"distribution":"{\"name\": \"FloatDistribution\", \"attributes\": {\"step\": null, \"low\": 0.0, \"high\": 0.6, \"log\": false}}"}
{"op_code":5,"worker_id":"e3608c94-1287-4439-8df6-65cc3853fddc-140614425401152","trial_id":7,"param_name":"dropout_2","param_value_internal":0.5558010810355054,"distribution":"{\"name\": \"FloatDistribution\", \"attributes\": {\"step\": null, \"low\": 0.0, \"high\": 0.6, \"log\": false}}"}
{"op_code":5,"worker_id":"e3608c94-1287-4439-8df6-65cc3853fddc-140614425401152","trial_id":7,"param_name":"dense_units","param_value_internal":960.0,"distribution":"{\"name\": \"IntDistribution\", \"attributes\": {\"log\": false, \"step\": 64, \"low\": 64, \"high\": 1024}}"}
{"op_code":5,"worker_id":"e3608c94-1287-4439-8df6-65cc3853fddc-140614425401152","trial_id":7,"param_name":"l2_reg","param_value_internal":0.0005408876182663891,"distribution":"{\"name\": \"FloatDistribution\", \"attributes\": {\"step\": null, \"low\": 1e-06, \"high\": 0.01, \"log\": true}}"}
{"op_code":5,"worker_id":"e3608c94-1287-4439-8df6-65cc3853fddc-140614425401152","trial_id":7,"param_name":"optimizer","param_value_internal":0,"distribution":"{\"name\": \"CategoricalDistribution\", \"attributes\": {\"choices\": [\"adam\", \"rmsprop\"]}}"}
{"op_code":6,"worker_id":"e3608c94-1287-4439-8df6-65cc3853fddc-140614425401152","trial_id":7,"state":1,"values":[0.7644000053405762],"datetime_complete":"2026-06-07T19:04:16.565289"}
{"op_code":4,"worker_id":"4eaa03b1-71d9-43c8-9fd7-654d35a50a90-139947943233344","study_id":0,"datetime_start":"2026-06-07T19:04:59.892573"}
{"op_code":5,"worker_id":"4eaa03b1-71d9-43c8-9fd7-654d35a50a90-139947943233344","trial_id":8,"param_name":"learning_rate","param_value_internal":0.0006923303332154159,"distribution":"{\"name\": \"FloatDistribution\", \"attributes\": {\"step\": null, \"low\": 0.0001, \"high\": 0.005, \"log\": true}}"}
{"op_code":5,"worker_id":"4eaa03b1-71d9-43c8-9fd7-654d35a50a90-139947943233344","trial_id":8,"param_name":"dropout_1","param_value_internal":0.13684986266960172,"distribution":"{\"name\": \"FloatDistribution\", \"attributes\": {\"step\": null, \"low\": 0.0, \"high\": 0.6, \"log\": false}}"}
{"op_code":5,"worker_id":"4eaa03b1-71d9-43c8-9fd7-654d35a50a90-139947943233344","trial_id":8,"param_name":"dropout_2","param_value_internal":0.1532843542543268,"distribution":"{\"name\": \"FloatDistribution\", \"attributes\": {\"step\": null, \"low\": 0.0, \"high\": 0.6, \"log\": false}}"}
{"op_code":5,"worker_id":"4eaa03b1-71d9-43c8-9fd7-654d35a50a90-139947943233344","trial_id":8,"param_name":"dense_units","param_value_internal":448.0,"distribution":"{\"name\": \"IntDistribution\", \"attributes\": {\"log\": false, \"step\": 64, \"low\": 64, \"high\": 1024}}"}
{"op_code":5,"worker_id":"4eaa03b1-71d9-43c8-9fd7-654d35a50a90-139947943233344","trial_id":8,"param_name":"l2_reg","param_value_internal":3.2304304164596546e-05,"distribution":"{\"name\": \"FloatDistribution\", \"attributes\": {\"step\": null, \"low\": 1e-06, \"high\": 0.01, \"log\": true}}"}
{"op_code":5,"worker_id":"4eaa03b1-71d9-43c8-9fd7-654d35a50a90-139947943233344","trial_id":8,"param_name":"optimizer","param_value_internal":0,"distribution":"{\"name\": \"CategoricalDistribution\", \"attributes\": {\"choices\": [\"adam\", \"rmsprop\"]}}"}
{"op_code":6,"worker_id":"4eaa03b1-71d9-43c8-9fd7-654d35a50a90-139947943233344","trial_id":8,"state":1,"values":[0.7620000243186951],"datetime_complete":"2026-06-07T19:26:02.658479"}
{"op_code":4,"worker_id":"69d673f5-311a-4fb5-bfba-17594303fb1f-139793337124672","study_id":0,"datetime_start":"2026-06-07T19:26:39.707086"}
{"op_code":5,"worker_id":"69d673f5-311a-4fb5-bfba-17594303fb1f-139793337124672","trial_id":9,"param_name":"learning_rate","param_value_internal":0.0014062010112880106,"distribution":"{\"name\": \"FloatDistribution\", \"attributes\": {\"step\": null, \"low\": 0.0001, \"high\": 0.005, \"log\": true}}"}
{"op_code":5,"worker_id":"69d673f5-311a-4fb5-bfba-17594303fb1f-139793337124672","trial_id":9,"param_name":"dropout_1","param_value_internal":0.026827309321767624,"distribution":"{\"name\": \"FloatDistribution\", \"attributes\": {\"step\": null, \"low\": 0.0, \"high\": 0.6, \"log\": false}}"}
{"op_code":5,"worker_id":"69d673f5-311a-4fb5-bfba-17594303fb1f-139793337124672","trial_id":9,"param_name":"dropout_2","param_value_internal":0.20598220352555538,"distribution":"{\"name\": \"FloatDistribution\", \"attributes\": {\"step\": null, \"low\": 0.0, \"high\": 0.6, \"log\": false}}"}
{"op_code":5,"worker_id":"69d673f5-311a-4fb5-bfba-17594303fb1f-139793337124672","trial_id":9,"param_name":"dense_units","param_value_internal":704.0,"distribution":"{\"name\": \"IntDistribution\", \"attributes\": {\"log\": false, \"step\": 64, \"low\": 64, \"high\": 1024}}"}
{"op_code":5,"worker_id":"69d673f5-311a-4fb5-bfba-17594303fb1f-139793337124672","trial_id":9,"param_name":"l2_reg","param_value_internal":1.3704146572139011e-05,"distribution":"{\"name\": \"FloatDistribution\", \"attributes\": {\"step\": null, \"low\": 1e-06, \"high\": 0.01, \"log\": true}}"}
{"op_code":5,"worker_id":"69d673f5-311a-4fb5-bfba-17594303fb1f-139793337124672","trial_id":9,"param_name":"optimizer","param_value_internal":0,"distribution":"{\"name\": \"CategoricalDistribution\", \"attributes\": {\"choices\": [\"adam\", \"rmsprop\"]}}"}
{"op_code":6,"worker_id":"69d673f5-311a-4fb5-bfba-17594303fb1f-139793337124672","trial_id":9,"state":1,"values":[0.7519999742507935],"datetime_complete":"2026-06-07T19:46:49.503597"}
{"op_code":4,"worker_id":"ea87c00c-e559-49a3-962f-e1b604ef863c-139823081252672","study_id":0,"datetime_start":"2026-06-07T19:47:28.940355"}
{"op_code":5,"worker_id":"ea87c00c-e559-49a3-962f-e1b604ef863c-139823081252672","trial_id":10,"param_name":"learning_rate","param_value_internal":0.00393532784562457,"distribution":"{\"name\": \"FloatDistribution\", \"attributes\": {\"step\": null, \"low\": 0.0001, \"high\": 0.005, \"log\": true}}"}
{"op_code":5,"worker_id":"ea87c00c-e559-49a3-962f-e1b604ef863c-139823081252672","trial_id":10,"param_name":"dropout_1","param_value_internal":0.0028440743157684967,"distribution":"{\"name\": \"FloatDistribution\", \"attributes\": {\"step\": null, \"low\": 0.0, \"high\": 0.6, \"log\": false}}"}
{"op_code":5,"worker_id":"ea87c00c-e559-49a3-962f-e1b604ef863c-139823081252672","trial_id":10,"param_name":"dropout_2","param_value_internal":0.3434921044499507,"distribution":"{\"name\": \"FloatDistribution\", \"attributes\": {\"step\": null, \"low\": 0.0, \"high\": 0.6, \"log\": false}}"}
{"op_code":5,"worker_id":"ea87c00c-e559-49a3-962f-e1b604ef863c-139823081252672","trial_id":10,"param_name":"dense_units","param_value_internal":64.0,"distribution":"{\"name\": \"IntDistribution\", \"attributes\": {\"log\": false, \"step\": 64, \"low\": 64, \"high\": 1024}}"}
{"op_code":5,"worker_id":"ea87c00c-e559-49a3-962f-e1b604ef863c-139823081252672","trial_id":10,"param_name":"l2_reg","param_value_internal":0.009923526401555551,"distribution":"{\"name\": \"FloatDistribution\", \"attributes\": {\"step\": null, \"low\": 1e-06, \"high\": 0.01, \"log\": true}}"}
{"op_code":5,"worker_id":"ea87c00c-e559-49a3-962f-e1b604ef863c-139823081252672","trial_id":10,"param_name":"optimizer","param_value_internal":1,"distribution":"{\"name\": \"CategoricalDistribution\", \"attributes\": {\"choices\": [\"adam\", \"rmsprop\"]}}"}
{"op_code":6,"worker_id":"ea87c00c-e559-49a3-962f-e1b604ef863c-139823081252672","trial_id":10,"state":1,"values":[0.6696000099182129],"datetime_complete":"2026-06-07T20:08:09.234732"}
{"op_code":4,"worker_id":"6d01ba51-5480-462f-b61f-ffb543f42c55-139881978210112","study_id":0,"datetime_start":"2026-06-07T20:08:45.610325"}
{"op_code":5,"worker_id":"6d01ba51-5480-462f-b61f-ffb543f42c55-139881978210112","trial_id":11,"param_name":"learning_rate","param_value_internal":0.0018027113680962135,"distribution":"{\"name\": \"FloatDistribution\", \"attributes\": {\"step\": null, \"low\": 0.0001, \"high\": 0.005, \"log\": true}}"}
{"op_code":5,"worker_id":"6d01ba51-5480-462f-b61f-ffb543f42c55-139881978210112","trial_id":11,"param_name":"dropout_1","param_value_internal":0.42057697364184055,"distribution":"{\"name\": \"FloatDistribution\", \"attributes\": {\"step\": null, \"low\": 0.0, \"high\": 0.6, \"log\": false}}"}
{"op_code":5,"worker_id":"6d01ba51-5480-462f-b61f-ffb543f42c55-139881978210112","trial_id":11,"param_name":"dropout_2","param_value_internal":0.3049034052531674,"distribution":"{\"name\": \"FloatDistribution\", \"attributes\": {\"step\": null, \"low\": 0.0, \"high\": 0.6, \"log\": false}}"}
{"op_code":5,"worker_id":"6d01ba51-5480-462f-b61f-ffb543f42c55-139881978210112","trial_id":11,"param_name":"dense_units","param_value_internal":960.0,"distribution":"{\"name\": \"IntDistribution\", \"attributes\": {\"log\": false, \"step\": 64, \"low\": 64, \"high\": 1024}}"}
{"op_code":5,"worker_id":"6d01ba51-5480-462f-b61f-ffb543f42c55-139881978210112","trial_id":11,"param_name":"l2_reg","param_value_internal":1.8094770767523311e-06,"distribution":"{\"name\": \"FloatDistribution\", \"attributes\": {\"step\": null, \"low\": 1e-06, \"high\": 0.01, \"log\": true}}"}
{"op_code":5,"worker_id":"6d01ba51-5480-462f-b61f-ffb543f42c55-139881978210112","trial_id":11,"param_name":"optimizer","param_value_internal":1,"distribution":"{\"name\": \"CategoricalDistribution\", \"attributes\": {\"choices\": [\"adam\", \"rmsprop\"]}}"}
{"op_code":6,"worker_id":"6d01ba51-5480-462f-b61f-ffb543f42c55-139881978210112","trial_id":11,"state":1,"values":[0.7657999992370605],"datetime_complete":"2026-06-07T20:29:01.561880"}
{"op_code":4,"worker_id":"1ef4917f-f0ca-47ac-9827-06e6a3cedd3e-140483674703680","study_id":0,"datetime_start":"2026-06-07T20:29:30.819646"}
{"op_code":5,"worker_id":"1ef4917f-f0ca-47ac-9827-06e6a3cedd3e-140483674703680","trial_id":12,"param_name":"learning_rate","param_value_internal":0.0018967240215789958,"distribution":"{\"name\": \"FloatDistribution\", \"attributes\": {\"step\": null, \"low\": 0.0001, \"high\": 0.005, \"log\": true}}"}
{"op_code":5,"worker_id":"1ef4917f-f0ca-47ac-9827-06e6a3cedd3e-140483674703680","trial_id":12,"param_name":"dropout_1","param_value_internal":0.22313642890289553,"distribution":"{\"name\": \"FloatDistribution\", \"attributes\": {\"step\": null, \"low\": 0.0, \"high\": 0.6, \"log\": false}}"}
{"op_code":5,"worker_id":"1ef4917f-f0ca-47ac-9827-06e6a3cedd3e-140483674703680","trial_id":12,"param_name":"dropout_2","param_value_internal":0.008972772843778148,"distribution":"{\"name\": \"FloatDistribution\", \"attributes\": {\"step\": null, \"low\": 0.0, \"high\": 0.6, \"log\": false}}"}
{"op_code":5,"worker_id":"1ef4917f-f0ca-47ac-9827-06e6a3cedd3e-140483674703680","trial_id":12,"param_name":"dense_units","param_value_internal":768.0,"distribution":"{\"name\": \"IntDistribution\", \"attributes\": {\"log\": false, \"step\": 64, \"low\": 64, \"high\": 1024}}"}
{"op_code":5,"worker_id":"1ef4917f-f0ca-47ac-9827-06e6a3cedd3e-140483674703680","trial_id":12,"param_name":"l2_reg","param_value_internal":0.0001466235259698963,"distribution":"{\"name\": \"FloatDistribution\", \"attributes\": {\"step\": null, \"low\": 1e-06, \"high\": 0.01, \"log\": true}}"}
{"op_code":5,"worker_id":"1ef4917f-f0ca-47ac-9827-06e6a3cedd3e-140483674703680","trial_id":12,"param_name":"optimizer","param_value_internal":0,"distribution":"{\"name\": \"CategoricalDistribution\", \"attributes\": {\"choices\": [\"adam\", \"rmsprop\"]}}"}
{"op_code":6,"worker_id":"1ef4917f-f0ca-47ac-9827-06e6a3cedd3e-140483674703680","trial_id":12,"state":1,"values":[0.7631999850273132],"datetime_complete":"2026-06-07T20:49:35.660319"}
{"op_code":4,"worker_id":"53333eb1-41aa-4d41-a78c-19a7863f8270-140270656550720","study_id":0,"datetime_start":"2026-06-07T20:50:10.851900"}
{"op_code":5,"worker_id":"53333eb1-41aa-4d41-a78c-19a7863f8270-140270656550720","trial_id":13,"param_name":"learning_rate","param_value_internal":0.0028922944565766095,"distribution":"{\"name\": \"FloatDistribution\", \"attributes\": {\"step\": null, \"low\": 0.0001, \"high\": 0.005, \"log\": true}}"}
{"op_code":5,"worker_id":"53333eb1-41aa-4d41-a78c-19a7863f8270-140270656550720","trial_id":13,"param_name":"dropout_1","param_value_internal":0.4480159180550305,"distribution":"{\"name\": \"FloatDistribution\", \"attributes\": {\"step\": null, \"low\": 0.0, \"high\": 0.6, \"log\": false}}"}
{"op_code":5,"worker_id":"53333eb1-41aa-4d41-a78c-19a7863f8270-140270656550720","trial_id":13,"param_name":"dropout_2","param_value_internal":0.5118604187389872,"distribution":"{\"name\": \"FloatDistribution\", \"attributes\": {\"step\": null, \"low\": 0.0, \"high\": 0.6, \"log\": false}}"}
{"op_code":5,"worker_id":"53333eb1-41aa-4d41-a78c-19a7863f8270-140270656550720","trial_id":13,"param_name":"dense_units","param_value_internal":576.0,"distribution":"{\"name\": \"IntDistribution\", \"attributes\": {\"log\": false, \"step\": 64, \"low\": 64, \"high\": 1024}}"}
{"op_code":5,"worker_id":"53333eb1-41aa-4d41-a78c-19a7863f8270-140270656550720","trial_id":13,"param_name":"l2_reg","param_value_internal":8.047498787026592e-06,"distribution":"{\"name\": \"FloatDistribution\", \"attributes\": {\"step\": null, \"low\": 1e-06, \"high\": 0.01, \"log\": true}}"}
{"op_code":5,"worker_id":"53333eb1-41aa-4d41-a78c-19a7863f8270-140270656550720","trial_id":13,"param_name":"optimizer","param_value_internal":0,"distribution":"{\"name\": \"CategoricalDistribution\", \"attributes\": {\"choices\": [\"adam\", \"rmsprop\"]}}"}
{"op_code":6,"worker_id":"53333eb1-41aa-4d41-a78c-19a7863f8270-140270656550720","trial_id":13,"state":1,"values":[0.7494000196456909],"datetime_complete":"2026-06-07T21:10:07.575416"}
{"op_code":4,"worker_id":"baf3ed08-c5a2-4d98-8d88-4c31f0d3632d-140572874803008","study_id":0,"datetime_start":"2026-06-07T21:10:38.827777"}
{"op_code":5,"worker_id":"baf3ed08-c5a2-4d98-8d88-4c31f0d3632d-140572874803008","trial_id":14,"param_name":"learning_rate","param_value_internal":0.0011000583216420345,"distribution":"{\"name\": \"FloatDistribution\", \"attributes\": {\"step\": null, \"low\": 0.0001, \"high\": 0.005, \"log\": true}}"}
{"op_code":5,"worker_id":"baf3ed08-c5a2-4d98-8d88-4c31f0d3632d-140572874803008","trial_id":14,"param_name":"dropout_1","param_value_internal":0.2414999345746826,"distribution":"{\"name\": \"FloatDistribution\", \"attributes\": {\"step\": null, \"low\": 0.0, \"high\": 0.6, \"log\": false}}"}
{"op_code":5,"worker_id":"baf3ed08-c5a2-4d98-8d88-4c31f0d3632d-140572874803008","trial_id":14,"param_name":"dropout_2","param_value_internal":0.38376676397293685,"distribution":"{\"name\": \"FloatDistribution\", \"attributes\": {\"step\": null, \"low\": 0.0, \"high\": 0.6, \"log\": false}}"}
{"op_code":5,"worker_id":"baf3ed08-c5a2-4d98-8d88-4c31f0d3632d-140572874803008","trial_id":14,"param_name":"dense_units","param_value_internal":896.0,"distribution":"{\"name\": \"IntDistribution\", \"attributes\": {\"log\": false, \"step\": 64, \"low\": 64, \"high\": 1024}}"}
{"op_code":5,"worker_id":"baf3ed08-c5a2-4d98-8d88-4c31f0d3632d-140572874803008","trial_id":14,"param_name":"l2_reg","param_value_internal":1.2443341837206956e-06,"distribution":"{\"name\": \"FloatDistribution\", \"attributes\": {\"step\": null, \"low\": 1e-06, \"high\": 0.01, \"log\": true}}"}
{"op_code":5,"worker_id":"baf3ed08-c5a2-4d98-8d88-4c31f0d3632d-140572874803008","trial_id":14,"param_name":"optimizer","param_value_internal":1,"distribution":"{\"name\": \"CategoricalDistribution\", \"attributes\": {\"choices\": [\"adam\", \"rmsprop\"]}}"}
{"op_code":6,"worker_id":"baf3ed08-c5a2-4d98-8d88-4c31f0d3632d-140572874803008","trial_id":14,"state":1,"values":[0.7644000053405762],"datetime_complete":"2026-06-07T21:31:17.698371"}
{"op_code":4,"worker_id":"fe56c00b-5372-4f5e-a2d6-5fdae23f62e0-140029548476224","study_id":0,"datetime_start":"2026-06-07T21:31:55.111977"}
{"op_code":5,"worker_id":"fe56c00b-5372-4f5e-a2d6-5fdae23f62e0-140029548476224","trial_id":15,"param_name":"learning_rate","param_value_internal":0.002589905134336677,"distribution":"{\"name\": \"FloatDistribution\", \"attributes\": {\"step\": null, \"low\": 0.0001, \"high\": 0.005, \"log\": true}}"}
{"op_code":5,"worker_id":"fe56c00b-5372-4f5e-a2d6-5fdae23f62e0-140029548476224","trial_id":15,"param_name":"dropout_1","param_value_internal":0.13990721436231118,"distribution":"{\"name\": \"FloatDistribution\", \"attributes\": {\"step\": null, \"low\": 0.0, \"high\": 0.6, \"log\": false}}"}
{"op_code":5,"worker_id":"fe56c00b-5372-4f5e-a2d6-5fdae23f62e0-140029548476224","trial_id":15,"param_name":"dropout_2","param_value_internal":0.24737707275736948,"distribution":"{\"name\": \"FloatDistribution\", \"attributes\": {\"step\": null, \"low\": 0.0, \"high\": 0.6, \"log\": false}}"}
{"op_code":5,"worker_id":"fe56c00b-5372-4f5e-a2d6-5fdae23f62e0-140029548476224","trial_id":15,"param_name":"dense_units","param_value_internal":512.0,"distribution":"{\"name\": \"IntDistribution\", \"attributes\": {\"log\": false, \"step\": 64, \"low\": 64, \"high\": 1024}}"}
{"op_code":5,"worker_id":"fe56c00b-5372-4f5e-a2d6-5fdae23f62e0-140029548476224","trial_id":15,"param_name":"l2_reg","param_value_internal":0.00012060322090627963,"distribution":"{\"name\": \"FloatDistribution\", \"attributes\": {\"step\": null, \"low\": 1e-06, \"high\": 0.01, \"log\": true}}"}
{"op_code":5,"worker_id":"fe56c00b-5372-4f5e-a2d6-5fdae23f62e0-140029548476224","trial_id":15,"param_name":"optimizer","param_value_internal":0,"distribution":"{\"name\": \"CategoricalDistribution\", \"attributes\": {\"choices\": [\"adam\", \"rmsprop\"]}}"}
{"op_code":6,"worker_id":"fe56c00b-5372-4f5e-a2d6-5fdae23f62e0-140029548476224","trial_id":15,"state":1,"values":[0.7626000046730042],"datetime_complete":"2026-06-07T21:52:29.919384"}
{"op_code":4,"worker_id":"e751db15-14f0-4b9f-a5ee-b2ccbbd2f769-139828532995904","study_id":0,"datetime_start":"2026-06-07T21:53:02.328863"}
{"op_code":5,"worker_id":"e751db15-14f0-4b9f-a5ee-b2ccbbd2f769-139828532995904","trial_id":16,"param_name":"learning_rate","param_value_internal":0.0009207621582912909,"distribution":"{\"name\": \"FloatDistribution\", \"attributes\": {\"step\": null, \"low\": 0.0001, \"high\": 0.005, \"log\": true}}"}
{"op_code":5,"worker_id":"e751db15-14f0-4b9f-a5ee-b2ccbbd2f769-139828532995904","trial_id":16,"param_name":"dropout_1","param_value_internal":0.27728005488711027,"distribution":"{\"name\": \"FloatDistribution\", \"attributes\": {\"step\": null, \"low\": 0.0, \"high\": 0.6, \"log\": false}}"}
{"op_code":5,"worker_id":"e751db15-14f0-4b9f-a5ee-b2ccbbd2f769-139828532995904","trial_id":16,"param_name":"dropout_2","param_value_internal":0.08474885017245011,"distribution":"{\"name\": \"FloatDistribution\", \"attributes\": {\"step\": null, \"low\": 0.0, \"high\": 0.6, \"log\": false}}"}
{"op_code":5,"worker_id":"e751db15-14f0-4b9f-a5ee-b2ccbbd2f769-139828532995904","trial_id":16,"param_name":"dense_units","param_value_internal":832.0,"distribution":"{\"name\": \"IntDistribution\", \"attributes\": {\"log\": false, \"step\": 64, \"low\": 64, \"high\": 1024}}"}
{"op_code":5,"worker_id":"e751db15-14f0-4b9f-a5ee-b2ccbbd2f769-139828532995904","trial_id":16,"param_name":"l2_reg","param_value_internal":4.974956147679279e-06,"distribution":"{\"name\": \"FloatDistribution\", \"attributes\": {\"step\": null, \"low\": 1e-06, \"high\": 0.01, \"log\": true}}"}
{"op_code":5,"worker_id":"e751db15-14f0-4b9f-a5ee-b2ccbbd2f769-139828532995904","trial_id":16,"param_name":"optimizer","param_value_internal":0,"distribution":"{\"name\": \"CategoricalDistribution\", \"attributes\": {\"choices\": [\"adam\", \"rmsprop\"]}}"}
{"op_code":6,"worker_id":"e751db15-14f0-4b9f-a5ee-b2ccbbd2f769-139828532995904","trial_id":16,"state":1,"values":[0.7670000195503235],"datetime_complete":"2026-06-07T22:13:18.898257"}
{"op_code":4,"worker_id":"a2b17e13-83db-470c-8df1-71fcb012e3da-139724760278848","study_id":0,"datetime_start":"2026-06-07T22:13:49.838285"}
{"op_code":5,"worker_id":"a2b17e13-83db-470c-8df1-71fcb012e3da-139724760278848","trial_id":17,"param_name":"learning_rate","param_value_internal":0.002468799306971429,"distribution":"{\"name\": \"FloatDistribution\", \"attributes\": {\"step\": null, \"low\": 0.0001, \"high\": 0.005, \"log\": true}}"}
{"op_code":5,"worker_id":"a2b17e13-83db-470c-8df1-71fcb012e3da-139724760278848","trial_id":17,"param_name":"dropout_1","param_value_internal":0.4577458596414696,"distribution":"{\"name\": \"FloatDistribution\", \"attributes\": {\"step\": null, \"low\": 0.0, \"high\": 0.6, \"log\": false}}"}
{"op_code":5,"worker_id":"a2b17e13-83db-470c-8df1-71fcb012e3da-139724760278848","trial_id":17,"param_name":"dropout_2","param_value_internal":0.5979443895943569,"distribution":"{\"name\": \"FloatDistribution\", \"attributes\": {\"step\": null, \"low\": 0.0, \"high\": 0.6, \"log\": false}}"}
{"op_code":5,"worker_id":"a2b17e13-83db-470c-8df1-71fcb012e3da-139724760278848","trial_id":17,"param_name":"dense_units","param_value_internal":192.0,"distribution":"{\"name\": \"IntDistribution\", \"attributes\": {\"log\": false, \"step\": 64, \"low\": 64, \"high\": 1024}}"}
{"op_code":5,"worker_id":"a2b17e13-83db-470c-8df1-71fcb012e3da-139724760278848","trial_id":17,"param_name":"l2_reg","param_value_internal":5.1300104655187084e-05,"distribution":"{\"name\": \"FloatDistribution\", \"attributes\": {\"step\": null, \"low\": 1e-06, \"high\": 0.01, \"log\": true}}"}
{"op_code":5,"worker_id":"a2b17e13-83db-470c-8df1-71fcb012e3da-139724760278848","trial_id":17,"param_name":"optimizer","param_value_internal":0,"distribution":"{\"name\": \"CategoricalDistribution\", \"attributes\": {\"choices\": [\"adam\", \"rmsprop\"]}}"}
{"op_code":6,"worker_id":"a2b17e13-83db-470c-8df1-71fcb012e3da-139724760278848","trial_id":17,"state":1,"values":[0.771399974822998],"datetime_complete":"2026-06-07T22:41:39.281109"}
{"op_code":4,"worker_id":"44fe620c-b3a6-4d7d-9f78-255450900984-140614623061824","study_id":0,"datetime_start":"2026-06-07T22:42:12.429680"}
{"op_code":5,"worker_id":"44fe620c-b3a6-4d7d-9f78-255450900984-140614623061824","trial_id":18,"param_name":"learning_rate","param_value_internal":0.0005791748244960306,"distribution":"{\"name\": \"FloatDistribution\", \"attributes\": {\"step\": null, \"low\": 0.0001, \"high\": 0.005, \"log\": true}}"}
{"op_code":5,"worker_id":"44fe620c-b3a6-4d7d-9f78-255450900984-140614623061824","trial_id":18,"param_name":"dropout_1","param_value_internal":0.3705747447736472,"distribution":"{\"name\": \"FloatDistribution\", \"attributes\": {\"step\": null, \"low\": 0.0, \"high\": 0.6, \"log\": false}}"}
{"op_code":5,"worker_id":"44fe620c-b3a6-4d7d-9f78-255450900984-140614623061824","trial_id":18,"param_name":"dropout_2","param_value_internal":0.263567197127316,"distribution":"{\"name\": \"FloatDistribution\", \"attributes\": {\"step\": null, \"low\": 0.0, \"high\": 0.6, \"log\": false}}"}
{"op_code":5,"worker_id":"44fe620c-b3a6-4d7d-9f78-255450900984-140614623061824","trial_id":18,"param_name":"dense_units","param_value_internal":1024.0,"distribution":"{\"name\": \"IntDistribution\", \"attributes\": {\"log\": false, \"step\": 64, \"low\": 64, \"high\": 1024}}"}
{"op_code":5,"worker_id":"44fe620c-b3a6-4d7d-9f78-255450900984-140614623061824","trial_id":18,"param_name":"l2_reg","param_value_internal":0.0002640131138829409,"distribution":"{\"name\": \"FloatDistribution\", \"attributes\": {\"step\": null, \"low\": 1e-06, \"high\": 0.01, \"log\": true}}"}
{"op_code":5,"worker_id":"44fe620c-b3a6-4d7d-9f78-255450900984-140614623061824","trial_id":18,"param_name":"optimizer","param_value_internal":1,"distribution":"{\"name\": \"CategoricalDistribution\", \"attributes\": {\"choices\": [\"adam\", \"rmsprop\"]}}"}
{"op_code":6,"worker_id":"44fe620c-b3a6-4d7d-9f78-255450900984-140614623061824","trial_id":18,"state":1,"values":[0.7728000283241272],"datetime_complete":"2026-06-07T23:04:35.416003"}
{"op_code":4,"worker_id":"1fec519c-f0f9-4e8e-83e8-92dd124e8416-139689623615296","study_id":0,"datetime_start":"2026-06-07T23:05:08.094059"}
{"op_code":5,"worker_id":"1fec519c-f0f9-4e8e-83e8-92dd124e8416-139689623615296","trial_id":19,"param_name":"learning_rate","param_value_internal":0.0013273528967685997,"distribution":"{\"name\": \"FloatDistribution\", \"attributes\": {\"step\": null, \"low\": 0.0001, \"high\": 0.005, \"log\": true}}"}
{"op_code":5,"worker_id":"1fec519c-f0f9-4e8e-83e8-92dd124e8416-139689623615296","trial_id":19,"param_name":"dropout_1","param_value_internal":0.07250828248386135,"distribution":"{\"name\": \"FloatDistribution\", \"attributes\": {\"step\": null, \"low\": 0.0, \"high\": 0.6, \"log\": false}}"}
{"op_code":5,"worker_id":"1fec519c-f0f9-4e8e-83e8-92dd124e8416-139689623615296","trial_id":19,"param_name":"dropout_2","param_value_internal":0.43286756175030167,"distribution":"{\"name\": \"FloatDistribution\", \"attributes\": {\"step\": null, \"low\": 0.0, \"high\": 0.6, \"log\": false}}"}
{"op_code":5,"worker_id":"1fec519c-f0f9-4e8e-83e8-92dd124e8416-139689623615296","trial_id":19,"param_name":"dense_units","param_value_internal":576.0,"distribution":"{\"name\": \"IntDistribution\", \"attributes\": {\"log\": false, \"step\": 64, \"low\": 64, \"high\": 1024}}"}
{"op_code":5,"worker_id":"1fec519c-f0f9-4e8e-83e8-92dd124e8416-139689623615296","trial_id":19,"param_name":"l2_reg","param_value_internal":1.7470995155420177e-05,"distribution":"{\"name\": \"FloatDistribution\", \"attributes\": {\"step\": null, \"low\": 1e-06, \"high\": 0.01, \"log\": true}}"}
{"op_code":5,"worker_id":"1fec519c-f0f9-4e8e-83e8-92dd124e8416-139689623615296","trial_id":19,"param_name":"optimizer","param_value_internal":0,"distribution":"{\"name\": \"CategoricalDistribution\", \"attributes\": {\"choices\": [\"adam\", \"rmsprop\"]}}"}
{"op_code":6,"worker_id":"1fec519c-f0f9-4e8e-83e8-92dd124e8416-139689623615296","trial_id":19,"state":1,"values":[0.7616000175476074],"datetime_complete":"2026-06-07T23:27:59.106575"}
{"op_code":4,"worker_id":"24096c5f-beac-4938-b15f-b3ab36452d95-140367623935808","study_id":0,"datetime_start":"2026-06-07T23:28:32.279885"}
{"op_code":5,"worker_id":"24096c5f-beac-4938-b15f-b3ab36452d95-140367623935808","trial_id":20,"param_name":"learning_rate","param_value_internal":0.003713845158508396,"distribution":"{\"name\": \"FloatDistribution\", \"attributes\": {\"step\": null, \"low\": 0.0001, \"high\": 0.005, \"log\": true}}"}
{"op_code":5,"worker_id":"24096c5f-beac-4938-b15f-b3ab36452d95-140367623935808","trial_id":20,"param_name":"dropout_1","param_value_internal":0.1976575252237817,"distribution":"{\"name\": \"FloatDistribution\", \"attributes\": {\"step\": null, \"low\": 0.0, \"high\": 0.6, \"log\": false}}"}
{"op_code":5,"worker_id":"24096c5f-beac-4938-b15f-b3ab36452d95-140367623935808","trial_id":20,"param_name":"dropout_2","param_value_internal":0.4915664527016125,"distribution":"{\"name\": \"FloatDistribution\", \"attributes\": {\"step\": null, \"low\": 0.0, \"high\": 0.6, \"log\": false}}"}
{"op_code":5,"worker_id":"24096c5f-beac-4938-b15f-b3ab36452d95-140367623935808","trial_id":20,"param_name":"dense_units","param_value_internal":448.0,"distribution":"{\"name\": \"IntDistribution\", \"attributes\": {\"log\": false, \"step\": 64, \"low\": 64, \"high\": 1024}}"}
{"op_code":5,"worker_id":"24096c5f-beac-4938-b15f-b3ab36452d95-140367623935808","trial_id":20,"param_name":"l2_reg","param_value_internal":8.474873015197355e-06,"distribution":"{\"name\": \"FloatDistribution\", \"attributes\": {\"step\": null, \"low\": 1e-06, \"high\": 0.01, \"log\": true}}"}
{"op_code":5,"worker_id":"24096c5f-beac-4938-b15f-b3ab36452d95-140367623935808","trial_id":20,"param_name":"optimizer","param_value_internal":0,"distribution":"{\"name\": \"CategoricalDistribution\", \"attributes\": {\"choices\": [\"adam\", \"rmsprop\"]}}"}
{"op_code":6,"worker_id":"24096c5f-beac-4938-b15f-b3ab36452d95-140367623935808","trial_id":20,"state":1,"values":[0.7681999802589417],"datetime_complete":"2026-06-07T23:51:30.765781"}
{"op_code":4,"worker_id":"77e3876b-0e29-46ae-b68d-4b046efdfa92-140451458434880","study_id":0,"datetime_start":"2026-06-07T23:52:01.025864"}
{"op_code":5,"worker_id":"77e3876b-0e29-46ae-b68d-4b046efdfa92-140451458434880","trial_id":21,"param_name":"learning_rate","param_value_internal":0.0005398760677788624,"distribution":"{\"name\": \"FloatDistribution\", \"attributes\": {\"step\": null, \"low\": 0.0001, \"high\": 0.005, \"log\": true}}"}
{"op_code":5,"worker_id":"77e3876b-0e29-46ae-b68d-4b046efdfa92-140451458434880","trial_id":21,"param_name":"dropout_1","param_value_internal":0.3816142339606235,"distribution":"{\"name\": \"FloatDistribution\", \"attributes\": {\"step\": null, \"low\": 0.0, \"high\": 0.6, \"log\": false}}"}
{"op_code":5,"worker_id":"77e3876b-0e29-46ae-b68d-4b046efdfa92-140451458434880","trial_id":21,"param_name":"dropout_2","param_value_internal":0.33497336649840515,"distribution":"{\"name\": \"FloatDistribution\", \"attributes\": {\"step\": null, \"low\": 0.0, \"high\": 0.6, \"log\": false}}"}
{"op_code":5,"worker_id":"77e3876b-0e29-46ae-b68d-4b046efdfa92-140451458434880","trial_id":21,"param_name":"dense_units","param_value_internal":832.0,"distribution":"{\"name\": \"IntDistribution\", \"attributes\": {\"log\": false, \"step\": 64, \"low\": 64, \"high\": 1024}}"}
{"op_code":5,"worker_id":"77e3876b-0e29-46ae-b68d-4b046efdfa92-140451458434880","trial_id":21,"param_name":"l2_reg","param_value_internal":0.00019721200686127378,"distribution":"{\"name\": \"FloatDistribution\", \"attributes\": {\"step\": null, \"low\": 1e-06, \"high\": 0.01, \"log\": true}}"}
{"op_code":5,"worker_id":"77e3876b-0e29-46ae-b68d-4b046efdfa92-140451458434880","trial_id":21,"param_name":"optimizer","param_value_internal":1,"distribution":"{\"name\": \"CategoricalDistribution\", \"attributes\": {\"choices\": [\"adam\", \"rmsprop\"]}}"}
{"op_code":6,"worker_id":"77e3876b-0e29-46ae-b68d-4b046efdfa92-140451458434880","trial_id":21,"state":1,"values":[0.7613999843597412],"datetime_complete":"2026-06-08T00:14:26.862860"}
{"op_code":4,"worker_id":"972845f5-8054-496e-ae19-66839ff989a4-140120716834624","study_id":0,"datetime_start":"2026-06-08T00:15:01.801083"}
{"op_code":5,"worker_id":"972845f5-8054-496e-ae19-66839ff989a4-140120716834624","trial_id":22,"param_name":"learning_rate","param_value_internal":0.0007718258103081584,"distribution":"{\"name\": \"FloatDistribution\", \"attributes\": {\"step\": null, \"low\": 0.0001, \"high\": 0.005, \"log\": true}}"}
{"op_code":5,"worker_id":"972845f5-8054-496e-ae19-66839ff989a4-140120716834624","trial_id":22,"param_name":"dropout_1","param_value_internal":0.30734258018962357,"distribution":"{\"name\": \"FloatDistribution\", \"attributes\": {\"step\": null, \"low\": 0.0, \"high\": 0.6, \"log\": false}}"}
{"op_code":5,"worker_id":"972845f5-8054-496e-ae19-66839ff989a4-140120716834624","trial_id":22,"param_name":"dropout_2","param_value_internal":0.2403096538808589,"distribution":"{\"name\": \"FloatDistribution\", \"attributes\": {\"step\": null, \"low\": 0.0, \"high\": 0.6, \"log\": false}}"}
{"op_code":5,"worker_id":"972845f5-8054-496e-ae19-66839ff989a4-140120716834624","trial_id":22,"param_name":"dense_units","param_value_internal":1024.0,"distribution":"{\"name\": \"IntDistribution\", \"attributes\": {\"log\": false, \"step\": 64, \"low\": 64, \"high\": 1024}}"}
{"op_code":5,"worker_id":"972845f5-8054-496e-ae19-66839ff989a4-140120716834624","trial_id":22,"param_name":"l2_reg","param_value_internal":0.002634758106132537,"distribution":"{\"name\": \"FloatDistribution\", \"attributes\": {\"step\": null, \"low\": 1e-06, \"high\": 0.01, \"log\": true}}"}
{"op_code":5,"worker_id":"972845f5-8054-496e-ae19-66839ff989a4-140120716834624","trial_id":22,"param_name":"optimizer","param_value_internal":1,"distribution":"{\"name\": \"CategoricalDistribution\", \"attributes\": {\"choices\": [\"adam\", \"rmsprop\"]}}"}
{"op_code":6,"worker_id":"972845f5-8054-496e-ae19-66839ff989a4-140120716834624","trial_id":22,"state":1,"values":[0.7630000114440918],"datetime_complete":"2026-06-08T00:38:24.584299"}
{"op_code":4,"worker_id":"7f072151-fb11-4fc8-a5fa-3606cf91f3e0-140051986454336","study_id":0,"datetime_start":"2026-06-08T00:38:55.543166"}
{"op_code":5,"worker_id":"7f072151-fb11-4fc8-a5fa-3606cf91f3e0-140051986454336","trial_id":23,"param_name":"learning_rate","param_value_internal":0.0004346398222107228,"distribution":"{\"name\": \"FloatDistribution\", \"attributes\": {\"step\": null, \"low\": 0.0001, \"high\": 0.005, \"log\": true}}"}
{"op_code":5,"worker_id":"7f072151-fb11-4fc8-a5fa-3606cf91f3e0-140051986454336","trial_id":23,"param_name":"dropout_1","param_value_internal":0.37629866937069084,"distribution":"{\"name\": \"FloatDistribution\", \"attributes\": {\"step\": null, \"low\": 0.0, \"high\": 0.6, \"log\": false}}"}
{"op_code":5,"worker_id":"7f072151-fb11-4fc8-a5fa-3606cf91f3e0-140051986454336","trial_id":23,"param_name":"dropout_2","param_value_internal":0.27021027512935547,"distribution":"{\"name\": \"FloatDistribution\", \"attributes\": {\"step\": null, \"low\": 0.0, \"high\": 0.6, \"log\": false}}"}
{"op_code":5,"worker_id":"7f072151-fb11-4fc8-a5fa-3606cf91f3e0-140051986454336","trial_id":23,"param_name":"dense_units","param_value_internal":768.0,"distribution":"{\"name\": \"IntDistribution\", \"attributes\": {\"log\": false, \"step\": 64, \"low\": 64, \"high\": 1024}}"}
{"op_code":5,"worker_id":"7f072151-fb11-4fc8-a5fa-3606cf91f3e0-140051986454336","trial_id":23,"param_name":"l2_reg","param_value_internal":0.00027371915539443735,"distribution":"{\"name\": \"FloatDistribution\", \"attributes\": {\"step\": null, \"low\": 1e-06, \"high\": 0.01, \"log\": true}}"}
{"op_code":5,"worker_id":"7f072151-fb11-4fc8-a5fa-3606cf91f3e0-140051986454336","trial_id":23,"param_name":"optimizer","param_value_internal":1,"distribution":"{\"name\": \"CategoricalDistribution\", \"attributes\": {\"choices\": [\"adam\", \"rmsprop\"]}}"}
{"op_code":6,"worker_id":"7f072151-fb11-4fc8-a5fa-3606cf91f3e0-140051986454336","trial_id":23,"state":1,"values":[0.7465999722480774],"datetime_complete":"2026-06-08T01:01:05.319874"}
{"op_code":4,"worker_id":"ae23dd78-c431-4b4f-9914-672dfda67b41-140169863411520","study_id":0,"datetime_start":"2026-06-08T01:01:34.341664"}
{"op_code":5,"worker_id":"ae23dd78-c431-4b4f-9914-672dfda67b41-140169863411520","trial_id":24,"param_name":"learning_rate","param_value_internal":0.00024575960994197975,"distribution":"{\"name\": \"FloatDistribution\", \"attributes\": {\"step\": null, \"low\": 0.0001, \"high\": 0.005, \"log\": true}}"}
{"op_code":5,"worker_id":"ae23dd78-c431-4b4f-9914-672dfda67b41-140169863411520","trial_id":24,"param_name":"dropout_1","param_value_internal":0.5076564028941777,"distribution":"{\"name\": \"FloatDistribution\", \"attributes\": {\"step\": null, \"low\": 0.0, \"high\": 0.6, \"log\": false}}"}
{"op_code":5,"worker_id":"ae23dd78-c431-4b4f-9914-672dfda67b41-140169863411520","trial_id":24,"param_name":"dropout_2","param_value_internal":0.10197933629259123,"distribution":"{\"name\": \"FloatDistribution\", \"attributes\": {\"step\": null, \"low\": 0.0, \"high\": 0.6, \"log\": false}}"}
{"op_code":5,"worker_id":"ae23dd78-c431-4b4f-9914-672dfda67b41-140169863411520","trial_id":24,"param_name":"dense_units","param_value_internal":960.0,"distribution":"{\"name\": \"IntDistribution\", \"attributes\": {\"log\": false, \"step\": 64, \"low\": 64, \"high\": 1024}}"}
{"op_code":5,"worker_id":"ae23dd78-c431-4b4f-9914-672dfda67b41-140169863411520","trial_id":24,"param_name":"l2_reg","param_value_internal":6.701299115384753e-05,"distribution":"{\"name\": \"FloatDistribution\", \"attributes\": {\"step\": null, \"low\": 1e-06, \"high\": 0.01, \"log\": true}}"}
{"op_code":5,"worker_id":"ae23dd78-c431-4b4f-9914-672dfda67b41-140169863411520","trial_id":24,"param_name":"optimizer","param_value_internal":1,"distribution":"{\"name\": \"CategoricalDistribution\", \"attributes\": {\"choices\": [\"adam\", \"rmsprop\"]}}"}
{"op_code":6,"worker_id":"ae23dd78-c431-4b4f-9914-672dfda67b41-140169863411520","trial_id":24,"state":1,"values":[0.7495999932289124],"datetime_complete":"2026-06-08T01:22:55.095816"}
{"op_code":4,"worker_id":"4a3bcc41-c7d1-40bd-b0a0-9efcbfc39c58-140075340179264","study_id":0,"datetime_start":"2026-06-08T01:23:25.794466"}
{"op_code":5,"worker_id":"4a3bcc41-c7d1-40bd-b0a0-9efcbfc39c58-140075340179264","trial_id":25,"param_name":"learning_rate","param_value_internal":0.0018174612976867106,"distribution":"{\"name\": \"FloatDistribution\", \"attributes\": {\"step\": null, \"low\": 0.0001, \"high\": 0.005, \"log\": true}}"}
{"op_code":5,"worker_id":"4a3bcc41-c7d1-40bd-b0a0-9efcbfc39c58-140075340179264","trial_id":25,"param_name":"dropout_1","param_value_internal":0.2728031646400623,"distribution":"{\"name\": \"FloatDistribution\", \"attributes\": {\"step\": null, \"low\": 0.0, \"high\": 0.6, \"log\": false}}"}
{"op_code":5,"worker_id":"4a3bcc41-c7d1-40bd-b0a0-9efcbfc39c58-140075340179264","trial_id":25,"param_name":"dropout_2","param_value_internal":0.39647664892575735,"distribution":"{\"name\": \"FloatDistribution\", \"attributes\": {\"step\": null, \"low\": 0.0, \"high\": 0.6, \"log\": false}}"}
{"op_code":5,"worker_id":"4a3bcc41-c7d1-40bd-b0a0-9efcbfc39c58-140075340179264","trial_id":25,"param_name":"dense_units","param_value_internal":704.0,"distribution":"{\"name\": \"IntDistribution\", \"attributes\": {\"log\": false, \"step\": 64, \"low\": 64, \"high\": 1024}}"}
{"op_code":5,"worker_id":"4a3bcc41-c7d1-40bd-b0a0-9efcbfc39c58-140075340179264","trial_id":25,"param_name":"l2_reg","param_value_internal":0.00039919532633939716,"distribution":"{\"name\": \"FloatDistribution\", \"attributes\": {\"step\": null, \"low\": 1e-06, \"high\": 0.01, \"log\": true}}"}
{"op_code":5,"worker_id":"4a3bcc41-c7d1-40bd-b0a0-9efcbfc39c58-140075340179264","trial_id":25,"param_name":"optimizer","param_value_internal":1,"distribution":"{\"name\": \"CategoricalDistribution\", \"attributes\": {\"choices\": [\"adam\", \"rmsprop\"]}}"}
{"op_code":6,"worker_id":"4a3bcc41-c7d1-40bd-b0a0-9efcbfc39c58-140075340179264","trial_id":25,"state":1,"values":[0.7567999958992004],"datetime_complete":"2026-06-08T01:44:10.109308"}
{"op_code":4,"worker_id":"343f23ae-48e7-4128-9d2c-0b9eae9c8e1e-140602811766592","study_id":0,"datetime_start":"2026-06-08T01:44:40.289604"}
{"op_code":5,"worker_id":"343f23ae-48e7-4128-9d2c-0b9eae9c8e1e-140602811766592","trial_id":26,"param_name":"learning_rate","param_value_internal":0.0006425145758932355,"distribution":"{\"name\": \"FloatDistribution\", \"attributes\": {\"step\": null, \"low\": 0.0001, \"high\": 0.005, \"log\": true}}"}
{"op_code":5,"worker_id":"343f23ae-48e7-4128-9d2c-0b9eae9c8e1e-140602811766592","trial_id":26,"param_name":"dropout_1","param_value_internal":0.33858222756521406,"distribution":"{\"name\": \"FloatDistribution\", \"attributes\": {\"step\": null, \"low\": 0.0, \"high\": 0.6, \"log\": false}}"}
{"op_code":5,"worker_id":"343f23ae-48e7-4128-9d2c-0b9eae9c8e1e-140602811766592","trial_id":26,"param_name":"dropout_2","param_value_internal":0.29423129989529057,"distribution":"{\"name\": \"FloatDistribution\", \"attributes\": {\"step\": null, \"low\": 0.0, \"high\": 0.6, \"log\": false}}"}
{"op_code":5,"worker_id":"343f23ae-48e7-4128-9d2c-0b9eae9c8e1e-140602811766592","trial_id":26,"param_name":"dense_units","param_value_internal":1024.0,"distribution":"{\"name\": \"IntDistribution\", \"attributes\": {\"log\": false, \"step\": 64, \"low\": 64, \"high\": 1024}}"}
{"op_code":5,"worker_id":"343f23ae-48e7-4128-9d2c-0b9eae9c8e1e-140602811766592","trial_id":26,"param_name":"l2_reg","param_value_internal":3.3135827534852086e-05,"distribution":"{\"name\": \"FloatDistribution\", \"attributes\": {\"step\": null, \"low\": 1e-06, \"high\": 0.01, \"log\": true}}"}
{"op_code":5,"worker_id":"343f23ae-48e7-4128-9d2c-0b9eae9c8e1e-140602811766592","trial_id":26,"param_name":"optimizer","param_value_internal":1,"distribution":"{\"name\": \"CategoricalDistribution\", \"attributes\": {\"choices\": [\"adam\", \"rmsprop\"]}}"}
{"op_code":6,"worker_id":"343f23ae-48e7-4128-9d2c-0b9eae9c8e1e-140602811766592","trial_id":26,"state":1,"values":[0.7599999904632568],"datetime_complete":"2026-06-08T02:04:58.705664"}
{"op_code":4,"worker_id":"8ac4ae59-7cb5-4ae4-bc17-6e04950ba5e5-140089812031296","study_id":0,"datetime_start":"2026-06-08T02:05:24.725396"}
{"op_code":5,"worker_id":"8ac4ae59-7cb5-4ae4-bc17-6e04950ba5e5-140089812031296","trial_id":27,"param_name":"learning_rate","param_value_internal":0.0013474154989581994,"distribution":"{\"name\": \"FloatDistribution\", \"attributes\": {\"step\": null, \"low\": 0.0001, \"high\": 0.005, \"log\": true}}"}
{"op_code":5,"worker_id":"8ac4ae59-7cb5-4ae4-bc17-6e04950ba5e5-140089812031296","trial_id":27,"param_name":"dropout_1","param_value_internal":0.4127958018494744,"distribution":"{\"name\": \"FloatDistribution\", \"attributes\": {\"step\": null, \"low\": 0.0, \"high\": 0.6, \"log\": false}}"}
{"op_code":5,"worker_id":"8ac4ae59-7cb5-4ae4-bc17-6e04950ba5e5-140089812031296","trial_id":27,"param_name":"dropout_2","param_value_internal":0.21405420708413267,"distribution":"{\"name\": \"FloatDistribution\", \"attributes\": {\"step\": null, \"low\": 0.0, \"high\": 0.6, \"log\": false}}"}
{"op_code":5,"worker_id":"8ac4ae59-7cb5-4ae4-bc17-6e04950ba5e5-140089812031296","trial_id":27,"param_name":"dense_units","param_value_internal":896.0,"distribution":"{\"name\": \"IntDistribution\", \"attributes\": {\"log\": false, \"step\": 64, \"low\": 64, \"high\": 1024}}"}
{"op_code":5,"worker_id":"8ac4ae59-7cb5-4ae4-bc17-6e04950ba5e5-140089812031296","trial_id":27,"param_name":"l2_reg","param_value_internal":0.001114645785804399,"distribution":"{\"name\": \"FloatDistribution\", \"attributes\": {\"step\": null, \"low\": 1e-06, \"high\": 0.01, \"log\": true}}"}
{"op_code":5,"worker_id":"8ac4ae59-7cb5-4ae4-bc17-6e04950ba5e5-140089812031296","trial_id":27,"param_name":"optimizer","param_value_internal":0,"distribution":"{\"name\": \"CategoricalDistribution\", \"attributes\": {\"choices\": [\"adam\", \"rmsprop\"]}}"}
{"op_code":6,"worker_id":"8ac4ae59-7cb5-4ae4-bc17-6e04950ba5e5-140089812031296","trial_id":27,"state":1,"values":[0.7595999836921692],"datetime_complete":"2026-06-08T02:26:17.743671"}
{"op_code":4,"worker_id":"26146d86-8801-4e2a-8216-6a9f26a16b57-139850498045760","study_id":0,"datetime_start":"2026-06-08T02:26:48.044050"}
{"op_code":5,"worker_id":"26146d86-8801-4e2a-8216-6a9f26a16b57-139850498045760","trial_id":28,"param_name":"learning_rate","param_value_internal":0.0030368215865085495,"distribution":"{\"name\": \"FloatDistribution\", \"attributes\": {\"step\": null, \"low\": 0.0001, \"high\": 0.005, \"log\": true}}"}
{"op_code":5,"worker_id":"26146d86-8801-4e2a-8216-6a9f26a16b57-139850498045760","trial_id":28,"param_name":"dropout_1","param_value_internal":0.463879764445715,"distribution":"{\"name\": \"FloatDistribution\", \"attributes\": {\"step\": null, \"low\": 0.0, \"high\": 0.6, \"log\": false}}"}
{"op_code":5,"worker_id":"26146d86-8801-4e2a-8216-6a9f26a16b57-139850498045760","trial_id":28,"param_name":"dropout_2","param_value_internal":0.11905784493600746,"distribution":"{\"name\": \"FloatDistribution\", \"attributes\": {\"step\": null, \"low\": 0.0, \"high\": 0.6, \"log\": false}}"}
{"op_code":5,"worker_id":"26146d86-8801-4e2a-8216-6a9f26a16b57-139850498045760","trial_id":28,"param_name":"dense_units","param_value_internal":320.0,"distribution":"{\"name\": \"IntDistribution\", \"attributes\": {\"log\": false, \"step\": 64, \"low\": 64, \"high\": 1024}}"}
{"op_code":5,"worker_id":"26146d86-8801-4e2a-8216-6a9f26a16b57-139850498045760","trial_id":28,"param_name":"l2_reg","param_value_internal":2.6061953097150093e-06,"distribution":"{\"name\": \"FloatDistribution\", \"attributes\": {\"step\": null, \"low\": 1e-06, \"high\": 0.01, \"log\": true}}"}
{"op_code":5,"worker_id":"26146d86-8801-4e2a-8216-6a9f26a16b57-139850498045760","trial_id":28,"param_name":"optimizer","param_value_internal":1,"distribution":"{\"name\": \"CategoricalDistribution\", \"attributes\": {\"choices\": [\"adam\", \"rmsprop\"]}}"}
{"op_code":6,"worker_id":"26146d86-8801-4e2a-8216-6a9f26a16b57-139850498045760","trial_id":28,"state":1,"values":[0.7918000221252441],"datetime_complete":"2026-06-08T02:47:45.849773"}
{"op_code":4,"worker_id":"7ff4d0e2-c3ee-446a-a4f2-b14d1c668dd7-140235164849984","study_id":0,"datetime_start":"2026-06-08T02:48:20.682735"}
{"op_code":5,"worker_id":"7ff4d0e2-c3ee-446a-a4f2-b14d1c668dd7-140235164849984","trial_id":29,"param_name":"learning_rate","param_value_internal":0.003076822769643029,"distribution":"{\"name\": \"FloatDistribution\", \"attributes\": {\"step\": null, \"low\": 0.0001, \"high\": 0.005, \"log\": true}}"}
{"op_code":5,"worker_id":"7ff4d0e2-c3ee-446a-a4f2-b14d1c668dd7-140235164849984","trial_id":29,"param_name":"dropout_1","param_value_internal":0.49989660831895005,"distribution":"{\"name\": \"FloatDistribution\", \"attributes\": {\"step\": null, \"low\": 0.0, \"high\": 0.6, \"log\": false}}"}
{"op_code":5,"worker_id":"7ff4d0e2-c3ee-446a-a4f2-b14d1c668dd7-140235164849984","trial_id":29,"param_name":"dropout_2","param_value_internal":0.0452284977667235,"distribution":"{\"name\": \"FloatDistribution\", \"attributes\": {\"step\": null, \"low\": 0.0, \"high\": 0.6, \"log\": false}}"}
{"op_code":5,"worker_id":"7ff4d0e2-c3ee-446a-a4f2-b14d1c668dd7-140235164849984","trial_id":29,"param_name":"dense_units","param_value_internal":320.0,"distribution":"{\"name\": \"IntDistribution\", \"attributes\": {\"log\": false, \"step\": 64, \"low\": 64, \"high\": 1024}}"}
{"op_code":5,"worker_id":"7ff4d0e2-c3ee-446a-a4f2-b14d1c668dd7-140235164849984","trial_id":29,"param_name":"l2_reg","param_value_internal":2.633333830586765e-06,"distribution":"{\"name\": \"FloatDistribution\", \"attributes\": {\"step\": null, \"low\": 1e-06, \"high\": 0.01, \"log\": true}}"}
{"op_code":5,"worker_id":"7ff4d0e2-c3ee-446a-a4f2-b14d1c668dd7-140235164849984","trial_id":29,"param_name":"optimizer","param_value_internal":0,"distribution":"{\"name\": \"CategoricalDistribution\", \"attributes\": {\"choices\": [\"adam\", \"rmsprop\"]}}"}
{"op_code":6,"worker_id":"7ff4d0e2-c3ee-446a-a4f2-b14d1c668dd7-140235164849984","trial_id":29,"state":1,"values":[0.7555999755859375],"datetime_complete":"2026-06-08T03:09:52.241303"}
{"op_code":0,"worker_id":"5092c9b5-8506-4c25-82e0-4d303603c21c-139836228269568","study_name":"cnn_optimization_none","directions":[2]}
{"op_code":4,"worker_id":"a9e6554d-6a4f-4f35-baa6-d5ce95c1b2c5-140716340336448","study_id":1,"datetime_start":"2026-06-08T14:19:48.297688"}
{"op_code":5,"worker_id":"a9e6554d-6a4f-4f35-baa6-d5ce95c1b2c5-140716340336448","trial_id":30,"param_name":"learning_rate","param_value_internal":0.00043284502212938834,"distribution":"{\"name\": \"FloatDistribution\", \"attributes\": {\"step\": null, \"low\": 0.0001, \"high\": 0.005, \"log\": true}}"}
{"op_code":5,"worker_id":"a9e6554d-6a4f-4f35-baa6-d5ce95c1b2c5-140716340336448","trial_id":30,"param_name":"dropout_1","param_value_internal":0.5704285838459496,"distribution":"{\"name\": \"FloatDistribution\", \"attributes\": {\"step\": null, \"low\": 0.0, \"high\": 0.6, \"log\": false}}"}
{"op_code":5,"worker_id":"a9e6554d-6a4f-4f35-baa6-d5ce95c1b2c5-140716340336448","trial_id":30,"param_name":"dropout_2","param_value_internal":0.43919636508684307,"distribution":"{\"name\": \"FloatDistribution\", \"attributes\": {\"step\": null, \"low\": 0.0, \"high\": 0.6, \"log\": false}}"}
{"op_code":5,"worker_id":"a9e6554d-6a4f-4f35-baa6-d5ce95c1b2c5-140716340336448","trial_id":30,"param_name":"dense_units","param_value_internal":640.0,"distribution":"{\"name\": \"IntDistribution\", \"attributes\": {\"log\": false, \"step\": 64, \"low\": 64, \"high\": 1024}}"}
{"op_code":5,"worker_id":"a9e6554d-6a4f-4f35-baa6-d5ce95c1b2c5-140716340336448","trial_id":30,"param_name":"l2_reg","param_value_internal":4.2079886696066345e-06,"distribution":"{\"name\": \"FloatDistribution\", \"attributes\": {\"step\": null, \"low\": 1e-06, \"high\": 0.01, \"log\": true}}"}
{"op_code":5,"worker_id":"a9e6554d-6a4f-4f35-baa6-d5ce95c1b2c5-140716340336448","trial_id":30,"param_name":"optimizer","param_value_internal":0,"distribution":"{\"name\": \"CategoricalDistribution\", \"attributes\": {\"choices\": [\"adam\", \"rmsprop\"]}}"}
{"op_code":6,"worker_id":"a9e6554d-6a4f-4f35-baa6-d5ce95c1b2c5-140716340336448","trial_id":30,"state":1,"values":[0.7462000250816345],"datetime_complete":"2026-06-08T14:29:40.806674"}
{"op_code":4,"worker_id":"b919b74b-23f6-4aca-b2fa-62748da3e67f-140056864163648","study_id":1,"datetime_start":"2026-06-08T14:29:49.055767"}
{"op_code":5,"worker_id":"b919b74b-23f6-4aca-b2fa-62748da3e67f-140056864163648","trial_id":31,"param_name":"learning_rate","param_value_internal":0.00015684629241532954,"distribution":"{\"name\": \"FloatDistribution\", \"attributes\": {\"step\": null, \"low\": 0.0001, \"high\": 0.005, \"log\": true}}"}
{"op_code":5,"worker_id":"b919b74b-23f6-4aca-b2fa-62748da3e67f-140056864163648","trial_id":31,"param_name":"dropout_1","param_value_internal":0.36543992356768884,"distribution":"{\"name\": \"FloatDistribution\", \"attributes\": {\"step\": null, \"low\": 0.0, \"high\": 0.6, \"log\": false}}"}
{"op_code":5,"worker_id":"b919b74b-23f6-4aca-b2fa-62748da3e67f-140056864163648","trial_id":31,"param_name":"dropout_2","param_value_internal":0.08003457851159297,"distribution":"{\"name\": \"FloatDistribution\", \"attributes\": {\"step\": null, \"low\": 0.0, \"high\": 0.6, \"log\": false}}"}
{"op_code":5,"worker_id":"b919b74b-23f6-4aca-b2fa-62748da3e67f-140056864163648","trial_id":31,"param_name":"dense_units","param_value_internal":256.0,"distribution":"{\"name\": \"IntDistribution\", \"attributes\": {\"log\": false, \"step\": 64, \"low\": 64, \"high\": 1024}}"}
{"op_code":5,"worker_id":"b919b74b-23f6-4aca-b2fa-62748da3e67f-140056864163648","trial_id":31,"param_name":"l2_reg","param_value_internal":2.0349616224981566e-05,"distribution":"{\"name\": \"FloatDistribution\", \"attributes\": {\"step\": null, \"low\": 1e-06, \"high\": 0.01, \"log\": true}}"}
{"op_code":5,"worker_id":"b919b74b-23f6-4aca-b2fa-62748da3e67f-140056864163648","trial_id":31,"param_name":"optimizer","param_value_internal":0,"distribution":"{\"name\": \"CategoricalDistribution\", \"attributes\": {\"choices\": [\"adam\", \"rmsprop\"]}}"}
{"op_code":6,"worker_id":"b919b74b-23f6-4aca-b2fa-62748da3e67f-140056864163648","trial_id":31,"state":1,"values":[0.7523999810218811],"datetime_complete":"2026-06-08T14:40:00.738330"}
{"op_code":4,"worker_id":"8ed06117-70fa-4544-b06c-d3d3609a6fd2-140552329025344","study_id":1,"datetime_start":"2026-06-08T14:40:06.102423"}
{"op_code":5,"worker_id":"8ed06117-70fa-4544-b06c-d3d3609a6fd2-140552329025344","trial_id":32,"param_name":"learning_rate","param_value_internal":0.0026204252099715254,"distribution":"{\"name\": \"FloatDistribution\", \"attributes\": {\"step\": null, \"low\": 0.0001, \"high\": 0.005, \"log\": true}}"}
{"op_code":5,"worker_id":"8ed06117-70fa-4544-b06c-d3d3609a6fd2-140552329025344","trial_id":32,"param_name":"dropout_1","param_value_internal":0.06287766262192185,"distribution":"{\"name\": \"FloatDistribution\", \"attributes\": {\"step\": null, \"low\": 0.0, \"high\": 0.6, \"log\": false}}"}
{"op_code":5,"worker_id":"8ed06117-70fa-4544-b06c-d3d3609a6fd2-140552329025344","trial_id":32,"param_name":"dropout_2","param_value_internal":0.44678428900771067,"distribution":"{\"name\": \"FloatDistribution\", \"attributes\": {\"step\": null, \"low\": 0.0, \"high\": 0.6, \"log\": false}}"}
{"op_code":5,"worker_id":"8ed06117-70fa-4544-b06c-d3d3609a6fd2-140552329025344","trial_id":32,"param_name":"dense_units","param_value_internal":384.0,"distribution":"{\"name\": \"IntDistribution\", \"attributes\": {\"log\": false, \"step\": 64, \"low\": 64, \"high\": 1024}}"}
{"op_code":5,"worker_id":"8ed06117-70fa-4544-b06c-d3d3609a6fd2-140552329025344","trial_id":32,"param_name":"l2_reg","param_value_internal":2.7368018278462964e-05,"distribution":"{\"name\": \"FloatDistribution\", \"attributes\": {\"step\": null, \"low\": 1e-06, \"high\": 0.01, \"log\": true}}"}
{"op_code":5,"worker_id":"8ed06117-70fa-4544-b06c-d3d3609a6fd2-140552329025344","trial_id":32,"param_name":"optimizer","param_value_internal":0,"distribution":"{\"name\": \"CategoricalDistribution\", \"attributes\": {\"choices\": [\"adam\", \"rmsprop\"]}}"}
{"op_code":6,"worker_id":"8ed06117-70fa-4544-b06c-d3d3609a6fd2-140552329025344","trial_id":32,"state":1,"values":[0.7516000270843506],"datetime_complete":"2026-06-08T14:50:53.640671"}
{"op_code":4,"worker_id":"fd343020-50f3-4a75-a949-c71c93de3ae9-139652807722816","study_id":1,"datetime_start":"2026-06-08T14:51:00.461087"}
{"op_code":5,"worker_id":"fd343020-50f3-4a75-a949-c71c93de3ae9-139652807722816","trial_id":33,"param_name":"learning_rate","param_value_internal":0.004789618199206087,"distribution":"{\"name\": \"FloatDistribution\", \"attributes\": {\"step\": null, \"low\": 0.0001, \"high\": 0.005, \"log\": true}}"}
{"op_code":5,"worker_id":"fd343020-50f3-4a75-a949-c71c93de3ae9-139652807722816","trial_id":33,"param_name":"dropout_1","param_value_internal":0.32972683610683523,"distribution":"{\"name\": \"FloatDistribution\", \"attributes\": {\"step\": null, \"low\": 0.0, \"high\": 0.6, \"log\": false}}"}
{"op_code":5,"worker_id":"fd343020-50f3-4a75-a949-c71c93de3ae9-139652807722816","trial_id":33,"param_name":"dropout_2","param_value_internal":0.1688683811730377,"distribution":"{\"name\": \"FloatDistribution\", \"attributes\": {\"step\": null, \"low\": 0.0, \"high\": 0.6, \"log\": false}}"}
{"op_code":5,"worker_id":"fd343020-50f3-4a75-a949-c71c93de3ae9-139652807722816","trial_id":33,"param_name":"dense_units","param_value_internal":128.0,"distribution":"{\"name\": \"IntDistribution\", \"attributes\": {\"log\": false, \"step\": 64, \"low\": 64, \"high\": 1024}}"}
{"op_code":5,"worker_id":"fd343020-50f3-4a75-a949-c71c93de3ae9-139652807722816","trial_id":33,"param_name":"l2_reg","param_value_internal":5.9962258713353515e-05,"distribution":"{\"name\": \"FloatDistribution\", \"attributes\": {\"step\": null, \"low\": 1e-06, \"high\": 0.01, \"log\": true}}"}
{"op_code":5,"worker_id":"fd343020-50f3-4a75-a949-c71c93de3ae9-139652807722816","trial_id":33,"param_name":"optimizer","param_value_internal":0,"distribution":"{\"name\": \"CategoricalDistribution\", \"attributes\": {\"choices\": [\"adam\", \"rmsprop\"]}}"}
{"op_code":6,"worker_id":"fd343020-50f3-4a75-a949-c71c93de3ae9-139652807722816","trial_id":33,"state":1,"values":[0.7342000007629395],"datetime_complete":"2026-06-08T15:02:09.173079"}
{"op_code":4,"worker_id":"d5779958-f8d0-4e49-af3e-2b8cc04f1051-140036864194368","study_id":1,"datetime_start":"2026-06-08T15:02:14.077818"}
{"op_code":5,"worker_id":"d5779958-f8d0-4e49-af3e-2b8cc04f1051-140036864194368","trial_id":34,"param_name":"learning_rate","param_value_internal":0.002146385137578536,"distribution":"{\"name\": \"FloatDistribution\", \"attributes\": {\"step\": null, \"low\": 0.0001, \"high\": 0.005, \"log\": true}}"}
{"op_code":5,"worker_id":"d5779958-f8d0-4e49-af3e-2b8cc04f1051-140036864194368","trial_id":34,"param_name":"dropout_1","param_value_internal":0.38090022363163806,"distribution":"{\"name\": \"FloatDistribution\", \"attributes\": {\"step\": null, \"low\": 0.0, \"high\": 0.6, \"log\": false}}"}
{"op_code":5,"worker_id":"d5779958-f8d0-4e49-af3e-2b8cc04f1051-140036864194368","trial_id":34,"param_name":"dropout_2","param_value_internal":0.14942585490944932,"distribution":"{\"name\": \"FloatDistribution\", \"attributes\": {\"step\": null, \"low\": 0.0, \"high\": 0.6, \"log\": false}}"}
{"op_code":5,"worker_id":"d5779958-f8d0-4e49-af3e-2b8cc04f1051-140036864194368","trial_id":34,"param_name":"dense_units","param_value_internal":832.0,"distribution":"{\"name\": \"IntDistribution\", \"attributes\": {\"log\": false, \"step\": 64, \"low\": 64, \"high\": 1024}}"}
{"op_code":5,"worker_id":"d5779958-f8d0-4e49-af3e-2b8cc04f1051-140036864194368","trial_id":34,"param_name":"l2_reg","param_value_internal":1.787753934560751e-05,"distribution":"{\"name\": \"FloatDistribution\", \"attributes\": {\"step\": null, \"low\": 1e-06, \"high\": 0.01, \"log\": true}}"}
{"op_code":5,"worker_id":"d5779958-f8d0-4e49-af3e-2b8cc04f1051-140036864194368","trial_id":34,"param_name":"optimizer","param_value_internal":0,"distribution":"{\"name\": \"CategoricalDistribution\", \"attributes\": {\"choices\": [\"adam\", \"rmsprop\"]}}"}
{"op_code":6,"worker_id":"d5779958-f8d0-4e49-af3e-2b8cc04f1051-140036864194368","trial_id":34,"state":1,"values":[0.7821999788284302],"datetime_complete":"2026-06-08T15:12:19.049864"}
{"op_code":4,"worker_id":"4e16755b-5e51-4ea8-85a6-ec81ca247245-140109726779200","study_id":1,"datetime_start":"2026-06-08T15:12:23.582948"}
{"op_code":5,"worker_id":"4e16755b-5e51-4ea8-85a6-ec81ca247245-140109726779200","trial_id":35,"param_name":"learning_rate","param_value_internal":0.00015588829590749813,"distribution":"{\"name\": \"FloatDistribution\", \"attributes\": {\"step\": null, \"low\": 0.0001, \"high\": 0.005, \"log\": true}}"}
{"op_code":5,"worker_id":"4e16755b-5e51-4ea8-85a6-ec81ca247245-140109726779200","trial_id":35,"param_name":"dropout_1","param_value_internal":0.584689856661874,"distribution":"{\"name\": \"FloatDistribution\", \"attributes\": {\"step\": null, \"low\": 0.0, \"high\": 0.6, \"log\": false}}"}
{"op_code":5,"worker_id":"4e16755b-5e51-4ea8-85a6-ec81ca247245-140109726779200","trial_id":35,"param_name":"dropout_2","param_value_internal":0.43724078010066375,"distribution":"{\"name\": \"FloatDistribution\", \"attributes\": {\"step\": null, \"low\": 0.0, \"high\": 0.6, \"log\": false}}"}
{"op_code":5,"worker_id":"4e16755b-5e51-4ea8-85a6-ec81ca247245-140109726779200","trial_id":35,"param_name":"dense_units","param_value_internal":384.0,"distribution":"{\"name\": \"IntDistribution\", \"attributes\": {\"log\": false, \"step\": 64, \"low\": 64, \"high\": 1024}}"}
{"op_code":5,"worker_id":"4e16755b-5e51-4ea8-85a6-ec81ca247245-140109726779200","trial_id":35,"param_name":"l2_reg","param_value_internal":0.0006767379836193072,"distribution":"{\"name\": \"FloatDistribution\", \"attributes\": {\"step\": null, \"low\": 1e-06, \"high\": 0.01, \"log\": true}}"}
{"op_code":5,"worker_id":"4e16755b-5e51-4ea8-85a6-ec81ca247245-140109726779200","trial_id":35,"param_name":"optimizer","param_value_internal":0,"distribution":"{\"name\": \"CategoricalDistribution\", \"attributes\": {\"choices\": [\"adam\", \"rmsprop\"]}}"}
{"op_code":6,"worker_id":"4e16755b-5e51-4ea8-85a6-ec81ca247245-140109726779200","trial_id":35,"state":1,"values":[0.7414000034332275],"datetime_complete":"2026-06-08T15:22:35.741196"}
{"op_code":4,"worker_id":"2e24aad5-fd34-4833-a88b-a244dfeb1239-140189597497152","study_id":1,"datetime_start":"2026-06-08T15:22:40.386008"}
{"op_code":5,"worker_id":"2e24aad5-fd34-4833-a88b-a244dfeb1239-140189597497152","trial_id":36,"param_name":"learning_rate","param_value_internal":0.0001070817464451155,"distribution":"{\"name\": \"FloatDistribution\", \"attributes\": {\"step\": null, \"low\": 0.0001, \"high\": 0.005, \"log\": true}}"}
{"op_code":5,"worker_id":"2e24aad5-fd34-4833-a88b-a244dfeb1239-140189597497152","trial_id":36,"param_name":"dropout_1","param_value_internal":0.534943960308155,"distribution":"{\"name\": \"FloatDistribution\", \"attributes\": {\"step\": null, \"low\": 0.0, \"high\": 0.6, \"log\": false}}"}
{"op_code":5,"worker_id":"2e24aad5-fd34-4833-a88b-a244dfeb1239-140189597497152","trial_id":36,"param_name":"dropout_2","param_value_internal":0.17091670048435098,"distribution":"{\"name\": \"FloatDistribution\", \"attributes\": {\"step\": null, \"low\": 0.0, \"high\": 0.6, \"log\": false}}"}
{"op_code":5,"worker_id":"2e24aad5-fd34-4833-a88b-a244dfeb1239-140189597497152","trial_id":36,"param_name":"dense_units","param_value_internal":320.0,"distribution":"{\"name\": \"IntDistribution\", \"attributes\": {\"log\": false, \"step\": 64, \"low\": 64, \"high\": 1024}}"}
{"op_code":5,"worker_id":"2e24aad5-fd34-4833-a88b-a244dfeb1239-140189597497152","trial_id":36,"param_name":"l2_reg","param_value_internal":0.0014727771673352314,"distribution":"{\"name\": \"FloatDistribution\", \"attributes\": {\"step\": null, \"low\": 1e-06, \"high\": 0.01, \"log\": true}}"}
{"op_code":5,"worker_id":"2e24aad5-fd34-4833-a88b-a244dfeb1239-140189597497152","trial_id":36,"param_name":"optimizer","param_value_internal":1,"distribution":"{\"name\": \"CategoricalDistribution\", \"attributes\": {\"choices\": [\"adam\", \"rmsprop\"]}}"}
{"op_code":6,"worker_id":"2e24aad5-fd34-4833-a88b-a244dfeb1239-140189597497152","trial_id":36,"state":1,"values":[0.7297999858856201],"datetime_complete":"2026-06-08T15:32:51.821097"}
{"op_code":4,"worker_id":"b56c2965-f3eb-4fa8-ae74-85f4c7d4e08d-139968033572672","study_id":1,"datetime_start":"2026-06-08T15:32:56.544894"}
{"op_code":5,"worker_id":"b56c2965-f3eb-4fa8-ae74-85f4c7d4e08d-139968033572672","trial_id":37,"param_name":"learning_rate","param_value_internal":0.0003245858497064564,"distribution":"{\"name\": \"FloatDistribution\", \"attributes\": {\"step\": null, \"low\": 0.0001, \"high\": 0.005, \"log\": true}}"}
{"op_code":5,"worker_id":"b56c2965-f3eb-4fa8-ae74-85f4c7d4e08d-139968033572672","trial_id":37,"param_name":"dropout_1","param_value_internal":0.14823709917708863,"distribution":"{\"name\": \"FloatDistribution\", \"attributes\": {\"step\": null, \"low\": 0.0, \"high\": 0.6, \"log\": false}}"}
{"op_code":5,"worker_id":"b56c2965-f3eb-4fa8-ae74-85f4c7d4e08d-139968033572672","trial_id":37,"param_name":"dropout_2","param_value_internal":0.5558010810355054,"distribution":"{\"name\": \"FloatDistribution\", \"attributes\": {\"step\": null, \"low\": 0.0, \"high\": 0.6, \"log\": false}}"}
{"op_code":5,"worker_id":"b56c2965-f3eb-4fa8-ae74-85f4c7d4e08d-139968033572672","trial_id":37,"param_name":"dense_units","param_value_internal":960.0,"distribution":"{\"name\": \"IntDistribution\", \"attributes\": {\"log\": false, \"step\": 64, \"low\": 64, \"high\": 1024}}"}
{"op_code":5,"worker_id":"b56c2965-f3eb-4fa8-ae74-85f4c7d4e08d-139968033572672","trial_id":37,"param_name":"l2_reg","param_value_internal":0.0005408876182663891,"distribution":"{\"name\": \"FloatDistribution\", \"attributes\": {\"step\": null, \"low\": 1e-06, \"high\": 0.01, \"log\": true}}"}
{"op_code":5,"worker_id":"b56c2965-f3eb-4fa8-ae74-85f4c7d4e08d-139968033572672","trial_id":37,"param_name":"optimizer","param_value_internal":0,"distribution":"{\"name\": \"CategoricalDistribution\", \"attributes\": {\"choices\": [\"adam\", \"rmsprop\"]}}"}
{"op_code":6,"worker_id":"b56c2965-f3eb-4fa8-ae74-85f4c7d4e08d-139968033572672","trial_id":37,"state":1,"values":[0.7608000040054321],"datetime_complete":"2026-06-08T15:43:28.441721"}
