{"op_code":0,"worker_id":"55f55aa3-ea89-43f7-ad47-4495a8773cde-139975947748864","study_name":"cnn_optimization_ga","directions":[2]}
{"op_code":4,"worker_id":"55f55aa3-ea89-43f7-ad47-4495a8773cde-139975947748864","study_id":0,"datetime_start":"2026-05-31T17:23:36.541877"}
{"op_code":5,"worker_id":"55f55aa3-ea89-43f7-ad47-4495a8773cde-139975947748864","trial_id":0,"param_name":"learning_rate","param_value_internal":0.0001329291894316216,"distribution":"{\"name\": \"FloatDistribution\", \"attributes\": {\"step\": null, \"low\": 1e-05, \"high\": 0.01, \"log\": true}}"}
{"op_code":5,"worker_id":"55f55aa3-ea89-43f7-ad47-4495a8773cde-139975947748864","trial_id":0,"param_name":"dropout_1","param_value_internal":0.5704285838459496,"distribution":"{\"name\": \"FloatDistribution\", \"attributes\": {\"step\": null, \"low\": 0.0, \"high\": 0.6, \"log\": false}}"}
{"op_code":5,"worker_id":"55f55aa3-ea89-43f7-ad47-4495a8773cde-139975947748864","trial_id":0,"param_name":"dropout_2","param_value_internal":0.43919636508684307,"distribution":"{\"name\": \"FloatDistribution\", \"attributes\": {\"step\": null, \"low\": 0.0, \"high\": 0.6, \"log\": false}}"}
{"op_code":5,"worker_id":"55f55aa3-ea89-43f7-ad47-4495a8773cde-139975947748864","trial_id":0,"param_name":"dense_units","param_value_internal":320.0,"distribution":"{\"name\": \"IntDistribution\", \"attributes\": {\"log\": false, \"step\": 64, \"low\": 64, \"high\": 512}}"}
{"op_code":5,"worker_id":"55f55aa3-ea89-43f7-ad47-4495a8773cde-139975947748864","trial_id":0,"param_name":"l2_reg","param_value_internal":4.2079886696066345e-06,"distribution":"{\"name\": \"FloatDistribution\", \"attributes\": {\"step\": null, \"low\": 1e-06, \"high\": 0.01, \"log\": true}}"}
{"op_code":5,"worker_id":"55f55aa3-ea89-43f7-ad47-4495a8773cde-139975947748864","trial_id":0,"param_name":"optimizer","param_value_internal":2,"distribution":"{\"name\": \"CategoricalDistribution\", \"attributes\": {\"choices\": [\"adam\", \"rmsprop\", \"sgd\"]}}"}
{"op_code":6,"worker_id":"55f55aa3-ea89-43f7-ad47-4495a8773cde-139975947748864","trial_id":0,"state":1,"values":[0.7099999785423279],"datetime_complete":"2026-05-31T17:31:54.232436"}
{"op_code":4,"worker_id":"55f55aa3-ea89-43f7-ad47-4495a8773cde-139975947748864","study_id":0,"datetime_start":"2026-05-31T17:31:54.327458"}
{"op_code":5,"worker_id":"55f55aa3-ea89-43f7-ad47-4495a8773cde-139975947748864","trial_id":1,"param_name":"learning_rate","param_value_internal":0.0006358358856676254,"distribution":"{\"name\": \"FloatDistribution\", \"attributes\": {\"step\": null, \"low\": 1e-05, \"high\": 0.01, \"log\": true}}"}
{"op_code":5,"worker_id":"55f55aa3-ea89-43f7-ad47-4495a8773cde-139975947748864","trial_id":1,"param_name":"dropout_1","param_value_internal":0.4248435466776273,"distribution":"{\"name\": \"FloatDistribution\", \"attributes\": {\"step\": null, \"low\": 0.0, \"high\": 0.6, \"log\": false}}"}
{"op_code":5,"worker_id":"55f55aa3-ea89-43f7-ad47-4495a8773cde-139975947748864","trial_id":1,"param_name":"dropout_2","param_value_internal":0.012350696577481468,"distribution":"{\"name\": \"FloatDistribution\", \"attributes\": {\"step\": null, \"low\": 0.0, \"high\": 0.6, \"log\": false}}"}
{"op_code":5,"worker_id":"55f55aa3-ea89-43f7-ad47-4495a8773cde-139975947748864","trial_id":1,"param_name":"dense_units","param_value_internal":512.0,"distribution":"{\"name\": \"IntDistribution\", \"attributes\": {\"log\": false, \"step\": 64, \"low\": 64, \"high\": 512}}"}
{"op_code":5,"worker_id":"55f55aa3-ea89-43f7-ad47-4495a8773cde-139975947748864","trial_id":1,"param_name":"l2_reg","param_value_internal":0.002136832907235877,"distribution":"{\"name\": \"FloatDistribution\", \"attributes\": {\"step\": null, \"low\": 1e-06, \"high\": 0.01, \"log\": true}}"}
{"op_code":5,"worker_id":"55f55aa3-ea89-43f7-ad47-4495a8773cde-139975947748864","trial_id":1,"param_name":"optimizer","param_value_internal":0,"distribution":"{\"name\": \"CategoricalDistribution\", \"attributes\": {\"choices\": [\"adam\", \"rmsprop\", \"sgd\"]}}"}
{"op_code":6,"worker_id":"55f55aa3-ea89-43f7-ad47-4495a8773cde-139975947748864","trial_id":1,"state":1,"values":[0.7014999985694885],"datetime_complete":"2026-05-31T17:41:56.324229"}
{"op_code":4,"worker_id":"55f55aa3-ea89-43f7-ad47-4495a8773cde-139975947748864","study_id":0,"datetime_start":"2026-05-31T17:41:56.417618"}
{"op_code":5,"worker_id":"55f55aa3-ea89-43f7-ad47-4495a8773cde-139975947748864","trial_id":2,"param_name":"learning_rate","param_value_internal":8.17949947521167e-05,"distribution":"{\"name\": \"FloatDistribution\", \"attributes\": {\"step\": null, \"low\": 1e-05, \"high\": 0.01, \"log\": true}}"}
{"op_code":5,"worker_id":"55f55aa3-ea89-43f7-ad47-4495a8773cde-139975947748864","trial_id":2,"param_name":"dropout_1","param_value_internal":0.3148538589793427,"distribution":"{\"name\": \"FloatDistribution\", \"attributes\": {\"step\": null, \"low\": 0.0, \"high\": 0.6, \"log\": false}}"}
{"op_code":5,"worker_id":"55f55aa3-ea89-43f7-ad47-4495a8773cde-139975947748864","trial_id":2,"param_name":"dropout_2","param_value_internal":0.25916701118526947,"distribution":"{\"name\": \"FloatDistribution\", \"attributes\": {\"step\": null, \"low\": 0.0, \"high\": 0.6, \"log\": false}}"}
{"op_code":5,"worker_id":"55f55aa3-ea89-43f7-ad47-4495a8773cde-139975947748864","trial_id":2,"param_name":"dense_units","param_value_internal":192.0,"distribution":"{\"name\": \"IntDistribution\", \"attributes\": {\"log\": false, \"step\": 64, \"low\": 64, \"high\": 512}}"}
{"op_code":5,"worker_id":"55f55aa3-ea89-43f7-ad47-4495a8773cde-139975947748864","trial_id":2,"param_name":"l2_reg","param_value_internal":0.0002801635158716264,"distribution":"{\"name\": \"FloatDistribution\", \"attributes\": {\"step\": null, \"low\": 1e-06, \"high\": 0.01, \"log\": true}}"}
{"op_code":5,"worker_id":"55f55aa3-ea89-43f7-ad47-4495a8773cde-139975947748864","trial_id":2,"param_name":"optimizer","param_value_internal":2,"distribution":"{\"name\": \"CategoricalDistribution\", \"attributes\": {\"choices\": [\"adam\", \"rmsprop\", \"sgd\"]}}"}
{"op_code":6,"worker_id":"55f55aa3-ea89-43f7-ad47-4495a8773cde-139975947748864","trial_id":2,"state":1,"values":[0.7089999914169312],"datetime_complete":"2026-05-31T17:51:45.580453"}
{"op_code":4,"worker_id":"55f55aa3-ea89-43f7-ad47-4495a8773cde-139975947748864","study_id":0,"datetime_start":"2026-05-31T17:51:45.680039"}
{"op_code":5,"worker_id":"55f55aa3-ea89-43f7-ad47-4495a8773cde-139975947748864","trial_id":3,"param_name":"learning_rate","param_value_internal":0.00023345864076016249,"distribution":"{\"name\": \"FloatDistribution\", \"attributes\": {\"step\": null, \"low\": 1e-05, \"high\": 0.01, \"log\": true}}"}
{"op_code":5,"worker_id":"55f55aa3-ea89-43f7-ad47-4495a8773cde-139975947748864","trial_id":3,"param_name":"dropout_1","param_value_internal":0.4711055768358081,"distribution":"{\"name\": \"FloatDistribution\", \"attributes\": {\"step\": null, \"low\": 0.0, \"high\": 0.6, \"log\": false}}"}
{"op_code":5,"worker_id":"55f55aa3-ea89-43f7-ad47-4495a8773cde-139975947748864","trial_id":3,"param_name":"dropout_2","param_value_internal":0.11980426929501584,"distribution":"{\"name\": \"FloatDistribution\", \"attributes\": {\"step\": null, \"low\": 0.0, \"high\": 0.6, \"log\": false}}"}
{"op_code":5,"worker_id":"55f55aa3-ea89-43f7-ad47-4495a8773cde-139975947748864","trial_id":3,"param_name":"dense_units","param_value_internal":320.0,"distribution":"{\"name\": \"IntDistribution\", \"attributes\": {\"log\": false, \"step\": 64, \"low\": 64, \"high\": 512}}"}
{"op_code":5,"worker_id":"55f55aa3-ea89-43f7-ad47-4495a8773cde-139975947748864","trial_id":3,"param_name":"l2_reg","param_value_internal":0.00023423849847112912,"distribution":"{\"name\": \"FloatDistribution\", \"attributes\": {\"step\": null, \"low\": 1e-06, \"high\": 0.01, \"log\": true}}"}
{"op_code":5,"worker_id":"55f55aa3-ea89-43f7-ad47-4495a8773cde-139975947748864","trial_id":3,"param_name":"optimizer","param_value_internal":1,"distribution":"{\"name\": \"CategoricalDistribution\", \"attributes\": {\"choices\": [\"adam\", \"rmsprop\", \"sgd\"]}}"}
{"op_code":6,"worker_id":"55f55aa3-ea89-43f7-ad47-4495a8773cde-139975947748864","trial_id":3,"state":1,"values":[0.7164999842643738],"datetime_complete":"2026-05-31T18:01:46.572967"}
{"op_code":4,"worker_id":"55f55aa3-ea89-43f7-ad47-4495a8773cde-139975947748864","study_id":0,"datetime_start":"2026-05-31T18:01:46.632963"}
{"op_code":5,"worker_id":"55f55aa3-ea89-43f7-ad47-4495a8773cde-139975947748864","trial_id":4,"param_name":"learning_rate","param_value_internal":1.5673095467235405e-05,"distribution":"{\"name\": \"FloatDistribution\", \"attributes\": {\"step\": null, \"low\": 1e-05, \"high\": 0.01, \"log\": true}}"}
{"op_code":5,"worker_id":"55f55aa3-ea89-43f7-ad47-4495a8773cde-139975947748864","trial_id":4,"param_name":"dropout_1","param_value_internal":0.5693313223519999,"distribution":"{\"name\": \"FloatDistribution\", \"attributes\": {\"step\": null, \"low\": 0.0, \"high\": 0.6, \"log\": false}}"}
{"op_code":5,"worker_id":"55f55aa3-ea89-43f7-ad47-4495a8773cde-139975947748864","trial_id":4,"param_name":"dropout_2","param_value_internal":0.5793792198447356,"distribution":"{\"name\": \"FloatDistribution\", \"attributes\": {\"step\": null, \"low\": 0.0, \"high\": 0.6, \"log\": false}}"}
{"op_code":5,"worker_id":"55f55aa3-ea89-43f7-ad47-4495a8773cde-139975947748864","trial_id":4,"param_name":"dense_units","param_value_internal":448.0,"distribution":"{\"name\": \"IntDistribution\", \"attributes\": {\"log\": false, \"step\": 64, \"low\": 64, \"high\": 512}}"}
{"op_code":5,"worker_id":"55f55aa3-ea89-43f7-ad47-4495a8773cde-139975947748864","trial_id":4,"param_name":"l2_reg","param_value_internal":1.6536937182824424e-05,"distribution":"{\"name\": \"FloatDistribution\", \"attributes\": {\"step\": null, \"low\": 1e-06, \"high\": 0.01, \"log\": true}}"}
{"op_code":5,"worker_id":"55f55aa3-ea89-43f7-ad47-4495a8773cde-139975947748864","trial_id":4,"param_name":"optimizer","param_value_internal":1,"distribution":"{\"name\": \"CategoricalDistribution\", \"attributes\": {\"choices\": [\"adam\", \"rmsprop\", \"sgd\"]}}"}
{"op_code":6,"worker_id":"55f55aa3-ea89-43f7-ad47-4495a8773cde-139975947748864","trial_id":4,"state":1,"values":[0.7285000085830688],"datetime_complete":"2026-05-31T18:12:06.738990"}
{"op_code":4,"worker_id":"55f55aa3-ea89-43f7-ad47-4495a8773cde-139975947748864","study_id":0,"datetime_start":"2026-05-31T18:12:06.806643"}
{"op_code":5,"worker_id":"55f55aa3-ea89-43f7-ad47-4495a8773cde-139975947748864","trial_id":5,"param_name":"learning_rate","param_value_internal":2.32335035153901e-05,"distribution":"{\"name\": \"FloatDistribution\", \"attributes\": {\"step\": null, \"low\": 1e-05, \"high\": 0.01, \"log\": true}}"}
{"op_code":5,"worker_id":"55f55aa3-ea89-43f7-ad47-4495a8773cde-139975947748864","trial_id":5,"param_name":"dropout_1","param_value_internal":0.2971061460667621,"distribution":"{\"name\": \"FloatDistribution\", \"attributes\": {\"step\": null, \"low\": 0.0, \"high\": 0.6, \"log\": false}}"}
{"op_code":5,"worker_id":"55f55aa3-ea89-43f7-ad47-4495a8773cde-139975947748864","trial_id":5,"param_name":"dropout_2","param_value_internal":0.020633112669131037,"distribution":"{\"name\": \"FloatDistribution\", \"attributes\": {\"step\": null, \"low\": 0.0, \"high\": 0.6, \"log\": false}}"}
{"op_code":5,"worker_id":"55f55aa3-ea89-43f7-ad47-4495a8773cde-139975947748864","trial_id":5,"param_name":"dense_units","param_value_internal":512.0,"distribution":"{\"name\": \"IntDistribution\", \"attributes\": {\"log\": false, \"step\": 64, \"low\": 64, \"high\": 512}}"}
{"op_code":5,"worker_id":"55f55aa3-ea89-43f7-ad47-4495a8773cde-139975947748864","trial_id":5,"param_name":"l2_reg","param_value_internal":1.0842262717330169e-05,"distribution":"{\"name\": \"FloatDistribution\", \"attributes\": {\"step\": null, \"low\": 1e-06, \"high\": 0.01, \"log\": true}}"}
{"op_code":5,"worker_id":"55f55aa3-ea89-43f7-ad47-4495a8773cde-139975947748864","trial_id":5,"param_name":"optimizer","param_value_internal":0,"distribution":"{\"name\": \"CategoricalDistribution\", \"attributes\": {\"choices\": [\"adam\", \"rmsprop\", \"sgd\"]}}"}
{"op_code":6,"worker_id":"55f55aa3-ea89-43f7-ad47-4495a8773cde-139975947748864","trial_id":5,"state":1,"values":[0.7164999842643738],"datetime_complete":"2026-05-31T18:22:28.731301"}
{"op_code":4,"worker_id":"55f55aa3-ea89-43f7-ad47-4495a8773cde-139975947748864","study_id":0,"datetime_start":"2026-05-31T18:22:28.777845"}
{"op_code":5,"worker_id":"55f55aa3-ea89-43f7-ad47-4495a8773cde-139975947748864","trial_id":6,"param_name":"learning_rate","param_value_internal":0.00043664735929796326,"distribution":"{\"name\": \"FloatDistribution\", \"attributes\": {\"step\": null, \"low\": 1e-05, \"high\": 0.01, \"log\": true}}"}
{"op_code":5,"worker_id":"55f55aa3-ea89-43f7-ad47-4495a8773cde-139975947748864","trial_id":6,"param_name":"dropout_1","param_value_internal":0.11091267331531622,"distribution":"{\"name\": \"FloatDistribution\", \"attributes\": {\"step\": null, \"low\": 0.0, \"high\": 0.6, \"log\": false}}"}
{"op_code":5,"worker_id":"55f55aa3-ea89-43f7-ad47-4495a8773cde-139975947748864","trial_id":6,"param_name":"dropout_2","param_value_internal":0.5817507766587351,"distribution":"{\"name\": \"FloatDistribution\", \"attributes\": {\"step\": null, \"low\": 0.0, \"high\": 0.6, \"log\": false}}"}
{"op_code":5,"worker_id":"55f55aa3-ea89-43f7-ad47-4495a8773cde-139975947748864","trial_id":6,"param_name":"dense_units","param_value_internal":448.0,"distribution":"{\"name\": \"IntDistribution\", \"attributes\": {\"log\": false, \"step\": 64, \"low\": 64, \"high\": 512}}"}
{"op_code":5,"worker_id":"55f55aa3-ea89-43f7-ad47-4495a8773cde-139975947748864","trial_id":6,"param_name":"l2_reg","param_value_internal":0.005727904470799624,"distribution":"{\"name\": \"FloatDistribution\", \"attributes\": {\"step\": null, \"low\": 1e-06, \"high\": 0.01, \"log\": true}}"}
{"op_code":5,"worker_id":"55f55aa3-ea89-43f7-ad47-4495a8773cde-139975947748864","trial_id":6,"param_name":"optimizer","param_value_internal":2,"distribution":"{\"name\": \"CategoricalDistribution\", \"attributes\": {\"choices\": [\"adam\", \"rmsprop\", \"sgd\"]}}"}
